{"type":"API","session":"default","level":"warn","message":"   API : No client in session default","timestamp":"2015-08-31T10:46:44.249Z"}
{"level":"info","message":"   DASHBOARD  : default New Dashboard fee39ea1-2b03-47fb-9d4b-f0b533c8b9c4","timestamp":"2015-08-31T10:46:45.219Z"}
{"level":"info","message":"   DASHBOARD  : No client selected for this dashboard ","timestamp":"2015-08-31T10:46:45.221Z"}
{"level":"info","message":"   DASHBOARD  : default Identify clients fee39ea1-2b03-47fb-9d4b-f0b533c8b9c4","timestamp":"2015-08-31T10:53:08.647Z"}
{"level":"error","message":"  DASHBOARD  : default  No client to identify... fee39ea1-2b03-47fb-9d4b-f0b533c8b9c4","timestamp":"2015-08-31T10:53:08.648Z"}
{"level":"info","message":"   DASHBOARD  : default Identify clients fee39ea1-2b03-47fb-9d4b-f0b533c8b9c4","timestamp":"2015-08-31T10:54:17.043Z"}
{"level":"error","message":"  DASHBOARD  : default  No client to identify... fee39ea1-2b03-47fb-9d4b-f0b533c8b9c4","timestamp":"2015-08-31T10:54:17.044Z"}
{"level":"info","message":"   DASHBOARD  : Delete dashboard default socket Lk5rDWwwd3_biMmwAAAA ","timestamp":"2015-08-31T10:54:19.356Z"}
{"type":"API","session":"default","level":"warn","message":"   API : No client in session default","timestamp":"2015-08-31T10:54:20.020Z"}
{"level":"info","message":"   DASHBOARD  : default New Dashboard fee39ea1-2b03-47fb-9d4b-f0b533c8b9c4","timestamp":"2015-08-31T10:54:20.661Z"}
{"level":"info","message":"   DASHBOARD  : No client selected for this dashboard ","timestamp":"2015-08-31T10:54:20.664Z"}
{"level":"info","message":"   PLUGIN     : default Send Refresh clientlist to dashboard (0)[Mozilla/5.0 (Windows NT 6.3; WOW64) AppleWebKit/537.36 (KHTML, like Gecko) Chrome/44.0.2403.157 Safari/537.36] socketid = Cj_2JPI3RGp_NggjAAAE fee39ea1-2b03-47fb-9d4b-f0b533c8b9c4","timestamp":"2015-08-31T11:09:18.690Z"}
{"level":"info","message":"   PLUGIN     : default New client (0)[Mozilla/5.0 (Windows NT 6.3; WOW64) AppleWebKit/537.36 (KHTML, like Gecko) Chrome/44.0.2403.157 Safari/537.36] socketid = Cj_2JPI3RGp_NggjAAAE fee39ea1-2b03-47fb-9d4b-f0b533c8b9c4","timestamp":"2015-08-31T11:09:18.693Z"}
{"level":"info","message":"   PLUGIN     : default Number clients in session : 1 fee39ea1-2b03-47fb-9d4b-f0b533c8b9c4","timestamp":"2015-08-31T11:09:18.695Z"}
{"level":"info","message":"   PLUGIN     : default New client (0) wait... fee39ea1-2b03-47fb-9d4b-f0b533c8b9c4","timestamp":"2015-08-31T11:09:18.697Z"}
{"type":"API","session":"default","level":"info","message":"   API : GetClients nb client 1 in session default","timestamp":"2015-08-31T11:09:18.713Z"}
{"level":"info","message":"   DASHBOARD  : Delete dashboard default socket HkKFAW-8EVngdLAmAAAC ","timestamp":"2015-08-31T11:09:24.431Z"}
{"type":"API","session":"default","level":"info","message":"   API : GetClients nb client 1 in session default","timestamp":"2015-08-31T11:09:24.783Z"}
{"level":"info","message":"   DASHBOARD  : default New Dashboard fee39ea1-2b03-47fb-9d4b-f0b533c8b9c4","timestamp":"2015-08-31T11:09:25.315Z"}
{"level":"info","message":"   DASHBOARD  : default Client selected for :fee39ea1-2b03-47fb-9d4b-f0b533c8b9c4 fee39ea1-2b03-47fb-9d4b-f0b533c8b9c4","timestamp":"2015-08-31T11:09:25.317Z"}
{"level":"info","message":"   DASHBOARD  : default Change currentClient fee39ea1-2b03-47fb-9d4b-f0b533c8b9c4 fee39ea1-2b03-47fb-9d4b-f0b533c8b9c4","timestamp":"2015-08-31T11:09:25.324Z"}
{"level":"info","message":"   DASHBOARD  : default Send helo to socketid :Cj_2JPI3RGp_NggjAAAE fee39ea1-2b03-47fb-9d4b-f0b533c8b9c4","timestamp":"2015-08-31T11:09:25.325Z"}
{"level":"info","message":"   DASHBOARD  : default Send helo to Dashboard fee39ea1-2b03-47fb-9d4b-f0b533c8b9c4","timestamp":"2015-08-31T11:09:25.326Z"}
{"level":"info","message":"   DASHBOARD  : default DASHBOARD=>PLUGIN DOM:setSettings fee39ea1-2b03-47fb-9d4b-f0b533c8b9c4","timestamp":"2015-08-31T11:09:25.384Z"}
{"level":"info","message":"   DASHBOARD  : default DASHBOARD=>PLUGIN DOM:getMutationObeserverAvailability fee39ea1-2b03-47fb-9d4b-f0b533c8b9c4","timestamp":"2015-08-31T11:09:25.397Z"}
{"level":"info","message":"   PLUGIN     : default PLUGIN=>DASHBOARD CONSOLE:clear fee39ea1-2b03-47fb-9d4b-f0b533c8b9c4","timestamp":"2015-08-31T11:09:25.401Z"}
{"level":"info","message":"   PLUGIN     : default PLUGIN=>DASHBOARD DOM:init fee39ea1-2b03-47fb-9d4b-f0b533c8b9c4","timestamp":"2015-08-31T11:09:26.149Z"}
{"level":"info","message":"   PLUGIN     : default PLUGIN=>DASHBOARD MODERNIZR fee39ea1-2b03-47fb-9d4b-f0b533c8b9c4","timestamp":"2015-08-31T11:09:26.155Z"}
{"level":"info","message":"   PLUGIN     : default PLUGIN=>DASHBOARD OBJEXPLORER fee39ea1-2b03-47fb-9d4b-f0b533c8b9c4","timestamp":"2015-08-31T11:09:26.162Z"}
{"level":"info","message":"   PLUGIN     : default PLUGIN=>DASHBOARD XHRPANEL:state fee39ea1-2b03-47fb-9d4b-f0b533c8b9c4","timestamp":"2015-08-31T11:09:26.171Z"}
{"level":"info","message":"   PLUGIN     : default PLUGIN=>DASHBOARD NETWORK fee39ea1-2b03-47fb-9d4b-f0b533c8b9c4","timestamp":"2015-08-31T11:09:26.177Z"}
{"level":"info","message":"   PLUGIN     : default PLUGIN=>DASHBOARD RESOURCES fee39ea1-2b03-47fb-9d4b-f0b533c8b9c4","timestamp":"2015-08-31T11:09:26.185Z"}
{"level":"info","message":"   PLUGIN     : default PLUGIN=>DASHBOARD DOM:mutationObeserverAvailability fee39ea1-2b03-47fb-9d4b-f0b533c8b9c4","timestamp":"2015-08-31T11:09:26.188Z"}
{"level":"info","message":"   PLUGIN     : default PLUGIN=>DASHBOARD CONSOLE:entries fee39ea1-2b03-47fb-9d4b-f0b533c8b9c4","timestamp":"2015-08-31T11:09:27.054Z"}
{"level":"info","message":"   PLUGIN     : default PLUGIN=>DASHBOARD OBJEXPLORER fee39ea1-2b03-47fb-9d4b-f0b533c8b9c4","timestamp":"2015-08-31T11:09:29.096Z"}
{"level":"info","message":"   DASHBOARD  : default DASHBOARD=>PLUGIN DOM:select fee39ea1-2b03-47fb-9d4b-f0b533c8b9c4","timestamp":"2015-08-31T11:09:32.916Z"}
{"level":"info","message":"   DASHBOARD  : default DASHBOARD=>PLUGIN DOM:unselect fee39ea1-2b03-47fb-9d4b-f0b533c8b9c4","timestamp":"2015-08-31T11:09:32.971Z"}
{"level":"info","message":"   DASHBOARD  : default DASHBOARD=>PLUGIN DOM:select fee39ea1-2b03-47fb-9d4b-f0b533c8b9c4","timestamp":"2015-08-31T11:09:36.620Z"}
{"level":"info","message":"   DASHBOARD  : default DASHBOARD=>PLUGIN DOM:unselect fee39ea1-2b03-47fb-9d4b-f0b533c8b9c4","timestamp":"2015-08-31T11:09:36.635Z"}
{"level":"info","message":"   DASHBOARD  : default DASHBOARD=>PLUGIN DOM:select fee39ea1-2b03-47fb-9d4b-f0b533c8b9c4","timestamp":"2015-08-31T11:09:36.645Z"}
{"level":"info","message":"   DASHBOARD  : default DASHBOARD=>PLUGIN DOM:unselect fee39ea1-2b03-47fb-9d4b-f0b533c8b9c4","timestamp":"2015-08-31T11:09:36.658Z"}
{"level":"info","message":"   DASHBOARD  : default DASHBOARD=>PLUGIN DOM:select fee39ea1-2b03-47fb-9d4b-f0b533c8b9c4","timestamp":"2015-08-31T11:09:36.690Z"}
{"level":"info","message":"   DASHBOARD  : default DASHBOARD=>PLUGIN DOM:unselect fee39ea1-2b03-47fb-9d4b-f0b533c8b9c4","timestamp":"2015-08-31T11:09:36.707Z"}
{"level":"info","message":"   DASHBOARD  : default DASHBOARD=>PLUGIN DOM:select fee39ea1-2b03-47fb-9d4b-f0b533c8b9c4","timestamp":"2015-08-31T11:09:36.723Z"}
{"level":"info","message":"   DASHBOARD  : default DASHBOARD=>PLUGIN DOM:unselect fee39ea1-2b03-47fb-9d4b-f0b533c8b9c4","timestamp":"2015-08-31T11:09:36.916Z"}
{"level":"info","message":"   DASHBOARD  : default DASHBOARD=>PLUGIN DOM:select fee39ea1-2b03-47fb-9d4b-f0b533c8b9c4","timestamp":"2015-08-31T11:09:38.557Z"}
{"level":"info","message":"   DASHBOARD  : default DASHBOARD=>PLUGIN DOM:unselect fee39ea1-2b03-47fb-9d4b-f0b533c8b9c4","timestamp":"2015-08-31T11:09:38.603Z"}
{"level":"info","message":"   DASHBOARD  : default DASHBOARD=>PLUGIN DOM:select fee39ea1-2b03-47fb-9d4b-f0b533c8b9c4","timestamp":"2015-08-31T11:09:38.780Z"}
{"level":"info","message":"   DASHBOARD  : default DASHBOARD=>PLUGIN DOM:unselect fee39ea1-2b03-47fb-9d4b-f0b533c8b9c4","timestamp":"2015-08-31T11:09:39.108Z"}
{"level":"info","message":"   DASHBOARD  : default DASHBOARD=>PLUGIN DOM:select fee39ea1-2b03-47fb-9d4b-f0b533c8b9c4","timestamp":"2015-08-31T11:09:39.179Z"}
{"level":"info","message":"   DASHBOARD  : default DASHBOARD=>PLUGIN DOM:unselect fee39ea1-2b03-47fb-9d4b-f0b533c8b9c4","timestamp":"2015-08-31T11:09:40.204Z"}
{"level":"info","message":"   DASHBOARD  : default DASHBOARD=>PLUGIN DOM:refreshNode fee39ea1-2b03-47fb-9d4b-f0b533c8b9c4","timestamp":"2015-08-31T11:09:40.852Z"}
{"level":"info","message":"   PLUGIN     : default PLUGIN=>DASHBOARD DOM:refreshNode fee39ea1-2b03-47fb-9d4b-f0b533c8b9c4","timestamp":"2015-08-31T11:09:41.172Z"}
{"level":"info","message":"   PLUGIN     : default PLUGIN=>DASHBOARD OBJEXPLORER fee39ea1-2b03-47fb-9d4b-f0b533c8b9c4","timestamp":"2015-08-31T11:09:43.074Z"}
{"level":"info","message":"   DASHBOARD  : default DASHBOARD=>PLUGIN DOM:select fee39ea1-2b03-47fb-9d4b-f0b533c8b9c4","timestamp":"2015-08-31T11:09:43.123Z"}
{"level":"info","message":"   DASHBOARD  : default DASHBOARD=>PLUGIN DOM:unselect fee39ea1-2b03-47fb-9d4b-f0b533c8b9c4","timestamp":"2015-08-31T11:09:43.254Z"}
{"level":"info","message":"   DASHBOARD  : default DASHBOARD=>PLUGIN DOM:select fee39ea1-2b03-47fb-9d4b-f0b533c8b9c4","timestamp":"2015-08-31T11:09:45.614Z"}
{"level":"info","message":"   DASHBOARD  : default DASHBOARD=>PLUGIN DOM:unselect fee39ea1-2b03-47fb-9d4b-f0b533c8b9c4","timestamp":"2015-08-31T11:09:45.918Z"}
{"level":"info","message":"   DASHBOARD  : default DASHBOARD=>PLUGIN DOM:select fee39ea1-2b03-47fb-9d4b-f0b533c8b9c4","timestamp":"2015-08-31T11:09:45.962Z"}
{"level":"info","message":"   DASHBOARD  : default DASHBOARD=>PLUGIN DOM:unselect fee39ea1-2b03-47fb-9d4b-f0b533c8b9c4","timestamp":"2015-08-31T11:09:46.422Z"}
{"level":"info","message":"   DASHBOARD  : default DASHBOARD=>PLUGIN DOM:select fee39ea1-2b03-47fb-9d4b-f0b533c8b9c4","timestamp":"2015-08-31T11:09:46.837Z"}
{"level":"info","message":"   DASHBOARD  : default DASHBOARD=>PLUGIN DOM:unselect fee39ea1-2b03-47fb-9d4b-f0b533c8b9c4","timestamp":"2015-08-31T11:09:47.003Z"}
{"level":"info","message":"   DASHBOARD  : default DASHBOARD=>PLUGIN DOM:refreshNode fee39ea1-2b03-47fb-9d4b-f0b533c8b9c4","timestamp":"2015-08-31T11:09:48.757Z"}
{"level":"info","message":"   PLUGIN     : default PLUGIN=>DASHBOARD DOM:refreshNode fee39ea1-2b03-47fb-9d4b-f0b533c8b9c4","timestamp":"2015-08-31T11:09:49.172Z"}
{"level":"info","message":"   DASHBOARD  : default DASHBOARD=>PLUGIN DOM:select fee39ea1-2b03-47fb-9d4b-f0b533c8b9c4","timestamp":"2015-08-31T11:09:49.586Z"}
{"level":"info","message":"   DASHBOARD  : default DASHBOARD=>PLUGIN DOM:unselect fee39ea1-2b03-47fb-9d4b-f0b533c8b9c4","timestamp":"2015-08-31T11:09:49.707Z"}
{"level":"info","message":"   DASHBOARD  : default DASHBOARD=>PLUGIN DOM:select fee39ea1-2b03-47fb-9d4b-f0b533c8b9c4","timestamp":"2015-08-31T11:09:50.003Z"}
{"level":"info","message":"   DASHBOARD  : default DASHBOARD=>PLUGIN DOM:unselect fee39ea1-2b03-47fb-9d4b-f0b533c8b9c4","timestamp":"2015-08-31T11:09:51.087Z"}
{"level":"info","message":"   DASHBOARD  : default DASHBOARD=>PLUGIN DOM:select fee39ea1-2b03-47fb-9d4b-f0b533c8b9c4","timestamp":"2015-08-31T11:09:51.105Z"}
{"level":"info","message":"   DASHBOARD  : default DASHBOARD=>PLUGIN DOM:unselect fee39ea1-2b03-47fb-9d4b-f0b533c8b9c4","timestamp":"2015-08-31T11:09:53.607Z"}
{"level":"info","message":"   DASHBOARD  : default DASHBOARD=>PLUGIN DOM:select fee39ea1-2b03-47fb-9d4b-f0b533c8b9c4","timestamp":"2015-08-31T11:09:54.412Z"}
{"level":"info","message":"   DASHBOARD  : default DASHBOARD=>PLUGIN DOM:unselect fee39ea1-2b03-47fb-9d4b-f0b533c8b9c4","timestamp":"2015-08-31T11:09:54.732Z"}
{"level":"info","message":"   DASHBOARD  : default DASHBOARD=>PLUGIN DOM:select fee39ea1-2b03-47fb-9d4b-f0b533c8b9c4","timestamp":"2015-08-31T11:09:54.892Z"}
{"level":"info","message":"   DASHBOARD  : default DASHBOARD=>PLUGIN DOM:unselect fee39ea1-2b03-47fb-9d4b-f0b533c8b9c4","timestamp":"2015-08-31T11:09:54.986Z"}
{"level":"info","message":"   DASHBOARD  : default DASHBOARD=>PLUGIN DOM:select fee39ea1-2b03-47fb-9d4b-f0b533c8b9c4","timestamp":"2015-08-31T11:09:54.989Z"}
{"level":"info","message":"   DASHBOARD  : default DASHBOARD=>PLUGIN DOM:unselect fee39ea1-2b03-47fb-9d4b-f0b533c8b9c4","timestamp":"2015-08-31T11:09:55.019Z"}
{"level":"info","message":"   DASHBOARD  : default DASHBOARD=>PLUGIN DOM:select fee39ea1-2b03-47fb-9d4b-f0b533c8b9c4","timestamp":"2015-08-31T11:09:55.021Z"}
{"level":"info","message":"   DASHBOARD  : default DASHBOARD=>PLUGIN DOM:unselect fee39ea1-2b03-47fb-9d4b-f0b533c8b9c4","timestamp":"2015-08-31T11:09:55.050Z"}
{"level":"info","message":"   DASHBOARD  : default DASHBOARD=>PLUGIN DOM:select fee39ea1-2b03-47fb-9d4b-f0b533c8b9c4","timestamp":"2015-08-31T11:09:56.453Z"}
{"level":"info","message":"   DASHBOARD  : default DASHBOARD=>PLUGIN DOM:unselect fee39ea1-2b03-47fb-9d4b-f0b533c8b9c4","timestamp":"2015-08-31T11:09:56.475Z"}
{"level":"info","message":"   DASHBOARD  : default DASHBOARD=>PLUGIN DOM:select fee39ea1-2b03-47fb-9d4b-f0b533c8b9c4","timestamp":"2015-08-31T11:09:56.493Z"}
{"level":"info","message":"   DASHBOARD  : default DASHBOARD=>PLUGIN DOM:unselect fee39ea1-2b03-47fb-9d4b-f0b533c8b9c4","timestamp":"2015-08-31T11:09:56.508Z"}
{"level":"info","message":"   DASHBOARD  : default DASHBOARD=>PLUGIN DOM:select fee39ea1-2b03-47fb-9d4b-f0b533c8b9c4","timestamp":"2015-08-31T11:09:58.034Z"}
{"level":"info","message":"   DASHBOARD  : default DASHBOARD=>PLUGIN DOM:unselect fee39ea1-2b03-47fb-9d4b-f0b533c8b9c4","timestamp":"2015-08-31T11:09:58.062Z"}
{"level":"info","message":"   DASHBOARD  : default DASHBOARD=>PLUGIN DOM:attribute fee39ea1-2b03-47fb-9d4b-f0b533c8b9c4","timestamp":"2015-08-31T11:09:58.835Z"}
{"level":"info","message":"   DASHBOARD  : default Identify clients fee39ea1-2b03-47fb-9d4b-f0b533c8b9c4","timestamp":"2015-08-31T11:09:58.909Z"}
{"level":"info","message":"   DASHBOARD  : default Dashboard send identify 0 to socketid : Cj_2JPI3RGp_NggjAAAE fee39ea1-2b03-47fb-9d4b-f0b533c8b9c4","timestamp":"2015-08-31T11:09:58.911Z"}
{"level":"info","message":"   DASHBOARD  : default Send 0 identify(s) fee39ea1-2b03-47fb-9d4b-f0b533c8b9c4","timestamp":"2015-08-31T11:09:58.911Z"}
{"level":"info","message":"   PLUGIN     : default PLUGIN=>DASHBOARD ALL_PLUGINS fee39ea1-2b03-47fb-9d4b-f0b533c8b9c4","timestamp":"2015-08-31T11:10:00.057Z"}
{"level":"info","message":"   DASHBOARD  : default DASHBOARD=>PLUGIN DOM:select fee39ea1-2b03-47fb-9d4b-f0b533c8b9c4","timestamp":"2015-08-31T11:10:01.061Z"}
{"level":"info","message":"   DASHBOARD  : default DASHBOARD=>PLUGIN DOM:unselect fee39ea1-2b03-47fb-9d4b-f0b533c8b9c4","timestamp":"2015-08-31T11:10:01.084Z"}
{"level":"info","message":"   DASHBOARD  : default DASHBOARD=>PLUGIN DOM:select fee39ea1-2b03-47fb-9d4b-f0b533c8b9c4","timestamp":"2015-08-31T11:10:01.130Z"}
{"level":"info","message":"   DASHBOARD  : default DASHBOARD=>PLUGIN DOM:unselect fee39ea1-2b03-47fb-9d4b-f0b533c8b9c4","timestamp":"2015-08-31T11:10:01.147Z"}
{"level":"info","message":"   DASHBOARD  : default DASHBOARD=>PLUGIN DOM:select fee39ea1-2b03-47fb-9d4b-f0b533c8b9c4","timestamp":"2015-08-31T11:10:01.186Z"}
{"level":"info","message":"   DASHBOARD  : default DASHBOARD=>PLUGIN DOM:unselect fee39ea1-2b03-47fb-9d4b-f0b533c8b9c4","timestamp":"2015-08-31T11:10:01.211Z"}
{"level":"info","message":"   DASHBOARD  : default DASHBOARD=>PLUGIN DOM:select fee39ea1-2b03-47fb-9d4b-f0b533c8b9c4","timestamp":"2015-08-31T11:10:01.242Z"}
{"level":"info","message":"   DASHBOARD  : default DASHBOARD=>PLUGIN DOM:unselect fee39ea1-2b03-47fb-9d4b-f0b533c8b9c4","timestamp":"2015-08-31T11:10:01.267Z"}
{"level":"info","message":"   DASHBOARD  : default DASHBOARD=>PLUGIN DOM:select fee39ea1-2b03-47fb-9d4b-f0b533c8b9c4","timestamp":"2015-08-31T11:10:01.314Z"}
{"level":"info","message":"   DASHBOARD  : default DASHBOARD=>PLUGIN DOM:unselect fee39ea1-2b03-47fb-9d4b-f0b533c8b9c4","timestamp":"2015-08-31T11:10:01.331Z"}
{"level":"info","message":"   DASHBOARD  : default DASHBOARD=>PLUGIN DOM:select fee39ea1-2b03-47fb-9d4b-f0b533c8b9c4","timestamp":"2015-08-31T11:10:06.179Z"}
{"level":"info","message":"   DASHBOARD  : default DASHBOARD=>PLUGIN DOM:unselect fee39ea1-2b03-47fb-9d4b-f0b533c8b9c4","timestamp":"2015-08-31T11:10:06.188Z"}
{"level":"info","message":"   DASHBOARD  : default DASHBOARD=>PLUGIN DOM:select fee39ea1-2b03-47fb-9d4b-f0b533c8b9c4","timestamp":"2015-08-31T11:10:06.226Z"}
{"level":"info","message":"   DASHBOARD  : default DASHBOARD=>PLUGIN DOM:unselect fee39ea1-2b03-47fb-9d4b-f0b533c8b9c4","timestamp":"2015-08-31T11:10:06.259Z"}
{"level":"info","message":"   DASHBOARD  : default DASHBOARD=>PLUGIN DOM:select fee39ea1-2b03-47fb-9d4b-f0b533c8b9c4","timestamp":"2015-08-31T11:10:06.350Z"}
{"level":"info","message":"   DASHBOARD  : default DASHBOARD=>PLUGIN DOM:unselect fee39ea1-2b03-47fb-9d4b-f0b533c8b9c4","timestamp":"2015-08-31T11:10:06.371Z"}
{"level":"info","message":"   DASHBOARD  : default DASHBOARD=>PLUGIN DOM:select fee39ea1-2b03-47fb-9d4b-f0b533c8b9c4","timestamp":"2015-08-31T11:10:06.451Z"}
{"level":"info","message":"   DASHBOARD  : default DASHBOARD=>PLUGIN DOM:unselect fee39ea1-2b03-47fb-9d4b-f0b533c8b9c4","timestamp":"2015-08-31T11:10:06.498Z"}
{"level":"info","message":"   DASHBOARD  : default DASHBOARD=>PLUGIN DOM:select fee39ea1-2b03-47fb-9d4b-f0b533c8b9c4","timestamp":"2015-08-31T11:10:06.876Z"}
{"level":"info","message":"   DASHBOARD  : default DASHBOARD=>PLUGIN DOM:unselect fee39ea1-2b03-47fb-9d4b-f0b533c8b9c4","timestamp":"2015-08-31T11:10:06.893Z"}
{"level":"info","message":"   DASHBOARD  : default DASHBOARD=>PLUGIN DOM:select fee39ea1-2b03-47fb-9d4b-f0b533c8b9c4","timestamp":"2015-08-31T11:10:07.839Z"}
{"level":"info","message":"   DASHBOARD  : default DASHBOARD=>PLUGIN DOM:unselect fee39ea1-2b03-47fb-9d4b-f0b533c8b9c4","timestamp":"2015-08-31T11:10:07.981Z"}
{"level":"info","message":"   DASHBOARD  : default DASHBOARD=>PLUGIN DOM:select fee39ea1-2b03-47fb-9d4b-f0b533c8b9c4","timestamp":"2015-08-31T11:10:10.466Z"}
{"level":"info","message":"   DASHBOARD  : default DASHBOARD=>PLUGIN DOM:unselect fee39ea1-2b03-47fb-9d4b-f0b533c8b9c4","timestamp":"2015-08-31T11:10:11.366Z"}
{"level":"info","message":"   PLUGIN     : default PLUGIN=>DASHBOARD OBJEXPLORER fee39ea1-2b03-47fb-9d4b-f0b533c8b9c4","timestamp":"2015-08-31T11:10:14.081Z"}
{"level":"info","message":"   DASHBOARD  : default DASHBOARD=>PLUGIN DOM:select fee39ea1-2b03-47fb-9d4b-f0b533c8b9c4","timestamp":"2015-08-31T11:10:20.045Z"}
{"level":"info","message":"   DASHBOARD  : default DASHBOARD=>PLUGIN DOM:unselect fee39ea1-2b03-47fb-9d4b-f0b533c8b9c4","timestamp":"2015-08-31T11:10:20.066Z"}
{"level":"info","message":"   DASHBOARD  : default DASHBOARD=>PLUGIN DOM:select fee39ea1-2b03-47fb-9d4b-f0b533c8b9c4","timestamp":"2015-08-31T11:10:20.091Z"}
{"level":"info","message":"   DASHBOARD  : default DASHBOARD=>PLUGIN DOM:unselect fee39ea1-2b03-47fb-9d4b-f0b533c8b9c4","timestamp":"2015-08-31T11:10:20.107Z"}
{"level":"info","message":"   DASHBOARD  : default DASHBOARD=>PLUGIN DOM:refresh fee39ea1-2b03-47fb-9d4b-f0b533c8b9c4","timestamp":"2015-08-31T11:10:20.623Z"}
{"level":"info","message":"   PLUGIN     : default PLUGIN=>DASHBOARD DOM:init fee39ea1-2b03-47fb-9d4b-f0b533c8b9c4","timestamp":"2015-08-31T11:10:21.261Z"}
{"level":"info","message":"   DASHBOARD  : default DASHBOARD=>PLUGIN DOM:select fee39ea1-2b03-47fb-9d4b-f0b533c8b9c4","timestamp":"2015-08-31T11:10:22.461Z"}
{"level":"info","message":"   DASHBOARD  : default DASHBOARD=>PLUGIN DOM:unselect fee39ea1-2b03-47fb-9d4b-f0b533c8b9c4","timestamp":"2015-08-31T11:10:22.492Z"}
{"level":"info","message":"   DASHBOARD  : default DASHBOARD=>PLUGIN DOM:select fee39ea1-2b03-47fb-9d4b-f0b533c8b9c4","timestamp":"2015-08-31T11:10:22.515Z"}
{"level":"info","message":"   DASHBOARD  : default DASHBOARD=>PLUGIN DOM:unselect fee39ea1-2b03-47fb-9d4b-f0b533c8b9c4","timestamp":"2015-08-31T11:10:22.555Z"}
{"level":"info","message":"   DASHBOARD  : default DASHBOARD=>PLUGIN DOM:select fee39ea1-2b03-47fb-9d4b-f0b533c8b9c4","timestamp":"2015-08-31T11:10:22.613Z"}
{"level":"info","message":"   DASHBOARD  : default DASHBOARD=>PLUGIN DOM:unselect fee39ea1-2b03-47fb-9d4b-f0b533c8b9c4","timestamp":"2015-08-31T11:10:22.683Z"}
{"level":"info","message":"   DASHBOARD  : default DASHBOARD=>PLUGIN DOM:select fee39ea1-2b03-47fb-9d4b-f0b533c8b9c4","timestamp":"2015-08-31T11:10:23.036Z"}
{"level":"info","message":"   DASHBOARD  : default DASHBOARD=>PLUGIN DOM:unselect fee39ea1-2b03-47fb-9d4b-f0b533c8b9c4","timestamp":"2015-08-31T11:10:23.067Z"}
{"level":"info","message":"   DASHBOARD  : default DASHBOARD=>PLUGIN DOM:select fee39ea1-2b03-47fb-9d4b-f0b533c8b9c4","timestamp":"2015-08-31T11:10:23.099Z"}
{"level":"info","message":"   DASHBOARD  : default DASHBOARD=>PLUGIN DOM:unselect fee39ea1-2b03-47fb-9d4b-f0b533c8b9c4","timestamp":"2015-08-31T11:10:23.122Z"}
{"level":"info","message":"   DASHBOARD  : default DASHBOARD=>PLUGIN DOM:select fee39ea1-2b03-47fb-9d4b-f0b533c8b9c4","timestamp":"2015-08-31T11:10:23.146Z"}
{"level":"info","message":"   DASHBOARD  : default DASHBOARD=>PLUGIN DOM:unselect fee39ea1-2b03-47fb-9d4b-f0b533c8b9c4","timestamp":"2015-08-31T11:10:23.262Z"}
{"level":"info","message":"   DASHBOARD  : default DASHBOARD=>PLUGIN DOM:refresh fee39ea1-2b03-47fb-9d4b-f0b533c8b9c4","timestamp":"2015-08-31T11:10:23.659Z"}
{"level":"info","message":"   PLUGIN     : default PLUGIN=>DASHBOARD DOM:init fee39ea1-2b03-47fb-9d4b-f0b533c8b9c4","timestamp":"2015-08-31T11:10:24.268Z"}
{"level":"info","message":"   DASHBOARD  : default DASHBOARD=>PLUGIN DOM:select fee39ea1-2b03-47fb-9d4b-f0b533c8b9c4","timestamp":"2015-08-31T11:11:11.043Z"}
{"level":"info","message":"   DASHBOARD  : default DASHBOARD=>PLUGIN DOM:unselect fee39ea1-2b03-47fb-9d4b-f0b533c8b9c4","timestamp":"2015-08-31T11:11:11.079Z"}
{"level":"info","message":"   DASHBOARD  : default DASHBOARD=>PLUGIN DOM:select fee39ea1-2b03-47fb-9d4b-f0b533c8b9c4","timestamp":"2015-08-31T11:11:11.106Z"}
{"level":"info","message":"   DASHBOARD  : default DASHBOARD=>PLUGIN DOM:unselect fee39ea1-2b03-47fb-9d4b-f0b533c8b9c4","timestamp":"2015-08-31T11:11:11.144Z"}
{"level":"info","message":"   DASHBOARD  : default DASHBOARD=>PLUGIN DOM:select fee39ea1-2b03-47fb-9d4b-f0b533c8b9c4","timestamp":"2015-08-31T11:11:11.173Z"}
{"level":"info","message":"   DASHBOARD  : default DASHBOARD=>PLUGIN DOM:unselect fee39ea1-2b03-47fb-9d4b-f0b533c8b9c4","timestamp":"2015-08-31T11:11:11.226Z"}
{"level":"info","message":"   DASHBOARD  : default DASHBOARD=>PLUGIN DOM:select fee39ea1-2b03-47fb-9d4b-f0b533c8b9c4","timestamp":"2015-08-31T11:11:11.403Z"}
{"level":"info","message":"   DASHBOARD  : default DASHBOARD=>PLUGIN DOM:unselect fee39ea1-2b03-47fb-9d4b-f0b533c8b9c4","timestamp":"2015-08-31T11:11:11.458Z"}
{"level":"info","message":"   DASHBOARD  : default DASHBOARD=>PLUGIN DOM:select fee39ea1-2b03-47fb-9d4b-f0b533c8b9c4","timestamp":"2015-08-31T11:11:11.482Z"}
{"level":"info","message":"   DASHBOARD  : default DASHBOARD=>PLUGIN DOM:unselect fee39ea1-2b03-47fb-9d4b-f0b533c8b9c4","timestamp":"2015-08-31T11:11:13.419Z"}
{"level":"info","message":"   DASHBOARD  : default DASHBOARD=>PLUGIN DOM:select fee39ea1-2b03-47fb-9d4b-f0b533c8b9c4","timestamp":"2015-08-31T11:11:13.507Z"}
{"level":"info","message":"   DASHBOARD  : default DASHBOARD=>PLUGIN DOM:unselect fee39ea1-2b03-47fb-9d4b-f0b533c8b9c4","timestamp":"2015-08-31T11:11:13.538Z"}
{"level":"info","message":"   DASHBOARD  : default DASHBOARD=>PLUGIN DOM:select fee39ea1-2b03-47fb-9d4b-f0b533c8b9c4","timestamp":"2015-08-31T11:11:14.477Z"}
{"level":"info","message":"   DASHBOARD  : default DASHBOARD=>PLUGIN DOM:unselect fee39ea1-2b03-47fb-9d4b-f0b533c8b9c4","timestamp":"2015-08-31T11:11:14.661Z"}
{"level":"info","message":"   DASHBOARD  : default DASHBOARD=>PLUGIN DOM:select fee39ea1-2b03-47fb-9d4b-f0b533c8b9c4","timestamp":"2015-08-31T11:11:15.170Z"}
{"level":"info","message":"   DASHBOARD  : default DASHBOARD=>PLUGIN DOM:unselect fee39ea1-2b03-47fb-9d4b-f0b533c8b9c4","timestamp":"2015-08-31T11:11:15.196Z"}
{"level":"info","message":"   DASHBOARD  : default DASHBOARD=>PLUGIN DOM:select fee39ea1-2b03-47fb-9d4b-f0b533c8b9c4","timestamp":"2015-08-31T11:11:15.606Z"}
{"level":"info","message":"   DASHBOARD  : default DASHBOARD=>PLUGIN DOM:unselect fee39ea1-2b03-47fb-9d4b-f0b533c8b9c4","timestamp":"2015-08-31T11:11:16.284Z"}
{"level":"info","message":"   DASHBOARD  : default DASHBOARD=>PLUGIN DOM:select fee39ea1-2b03-47fb-9d4b-f0b533c8b9c4","timestamp":"2015-08-31T11:11:16.323Z"}
{"level":"info","message":"   DASHBOARD  : default DASHBOARD=>PLUGIN DOM:unselect fee39ea1-2b03-47fb-9d4b-f0b533c8b9c4","timestamp":"2015-08-31T11:11:16.371Z"}
{"level":"info","message":"   DASHBOARD  : default DASHBOARD=>PLUGIN DOM:select fee39ea1-2b03-47fb-9d4b-f0b533c8b9c4","timestamp":"2015-08-31T11:11:16.443Z"}
{"level":"info","message":"   DASHBOARD  : default DASHBOARD=>PLUGIN DOM:unselect fee39ea1-2b03-47fb-9d4b-f0b533c8b9c4","timestamp":"2015-08-31T11:11:16.499Z"}
{"level":"info","message":"   DASHBOARD  : default DASHBOARD=>PLUGIN DOM:select fee39ea1-2b03-47fb-9d4b-f0b533c8b9c4","timestamp":"2015-08-31T11:11:16.538Z"}
{"level":"info","message":"   DASHBOARD  : default DASHBOARD=>PLUGIN DOM:unselect fee39ea1-2b03-47fb-9d4b-f0b533c8b9c4","timestamp":"2015-08-31T11:11:16.595Z"}
{"level":"info","message":"   DASHBOARD  : default DASHBOARD=>PLUGIN DOM:select fee39ea1-2b03-47fb-9d4b-f0b533c8b9c4","timestamp":"2015-08-31T11:11:17.021Z"}
{"level":"info","message":"   DASHBOARD  : default DASHBOARD=>PLUGIN DOM:unselect fee39ea1-2b03-47fb-9d4b-f0b533c8b9c4","timestamp":"2015-08-31T11:11:17.042Z"}
{"level":"info","message":"   DASHBOARD  : default DASHBOARD=>PLUGIN DOM:select fee39ea1-2b03-47fb-9d4b-f0b533c8b9c4","timestamp":"2015-08-31T11:11:17.074Z"}
{"level":"info","message":"   DASHBOARD  : default DASHBOARD=>PLUGIN DOM:unselect fee39ea1-2b03-47fb-9d4b-f0b533c8b9c4","timestamp":"2015-08-31T11:11:17.099Z"}
{"level":"info","message":"   DASHBOARD  : default DASHBOARD=>PLUGIN DOM:select fee39ea1-2b03-47fb-9d4b-f0b533c8b9c4","timestamp":"2015-08-31T11:11:17.111Z"}
{"level":"info","message":"   DASHBOARD  : default DASHBOARD=>PLUGIN DOM:unselect fee39ea1-2b03-47fb-9d4b-f0b533c8b9c4","timestamp":"2015-08-31T11:11:17.125Z"}
{"level":"info","message":"   DASHBOARD  : default DASHBOARD=>PLUGIN DOM:select fee39ea1-2b03-47fb-9d4b-f0b533c8b9c4","timestamp":"2015-08-31T11:11:17.332Z"}
{"level":"info","message":"   DASHBOARD  : default DASHBOARD=>PLUGIN DOM:unselect fee39ea1-2b03-47fb-9d4b-f0b533c8b9c4","timestamp":"2015-08-31T11:11:17.446Z"}
{"level":"info","message":"   DASHBOARD  : default DASHBOARD=>PLUGIN DOM:refreshNode fee39ea1-2b03-47fb-9d4b-f0b533c8b9c4","timestamp":"2015-08-31T11:11:17.893Z"}
{"level":"info","message":"   PLUGIN     : default PLUGIN=>DASHBOARD DOM:refreshNode fee39ea1-2b03-47fb-9d4b-f0b533c8b9c4","timestamp":"2015-08-31T11:11:18.185Z"}
{"level":"info","message":"   DASHBOARD  : default DASHBOARD=>PLUGIN DOM:select fee39ea1-2b03-47fb-9d4b-f0b533c8b9c4","timestamp":"2015-08-31T11:11:18.548Z"}
{"level":"info","message":"   DASHBOARD  : default DASHBOARD=>PLUGIN DOM:unselect fee39ea1-2b03-47fb-9d4b-f0b533c8b9c4","timestamp":"2015-08-31T11:11:18.614Z"}
{"level":"info","message":"   DASHBOARD  : default DASHBOARD=>PLUGIN DOM:select fee39ea1-2b03-47fb-9d4b-f0b533c8b9c4","timestamp":"2015-08-31T11:11:18.650Z"}
{"level":"info","message":"   DASHBOARD  : default DASHBOARD=>PLUGIN DOM:unselect fee39ea1-2b03-47fb-9d4b-f0b533c8b9c4","timestamp":"2015-08-31T11:11:18.771Z"}
{"level":"info","message":"   DASHBOARD  : default DASHBOARD=>PLUGIN DOM:select fee39ea1-2b03-47fb-9d4b-f0b533c8b9c4","timestamp":"2015-08-31T11:11:18.827Z"}
{"level":"info","message":"   DASHBOARD  : default DASHBOARD=>PLUGIN DOM:unselect fee39ea1-2b03-47fb-9d4b-f0b533c8b9c4","timestamp":"2015-08-31T11:11:19.645Z"}
{"level":"info","message":"   DASHBOARD  : default DASHBOARD=>PLUGIN DOM:select fee39ea1-2b03-47fb-9d4b-f0b533c8b9c4","timestamp":"2015-08-31T11:11:20.454Z"}
{"level":"info","message":"   DASHBOARD  : default DASHBOARD=>PLUGIN DOM:unselect fee39ea1-2b03-47fb-9d4b-f0b533c8b9c4","timestamp":"2015-08-31T11:11:20.483Z"}
{"level":"info","message":"   DASHBOARD  : default DASHBOARD=>PLUGIN DOM:select fee39ea1-2b03-47fb-9d4b-f0b533c8b9c4","timestamp":"2015-08-31T11:11:20.619Z"}
{"level":"info","message":"   DASHBOARD  : default DASHBOARD=>PLUGIN DOM:unselect fee39ea1-2b03-47fb-9d4b-f0b533c8b9c4","timestamp":"2015-08-31T11:11:20.731Z"}
{"level":"info","message":"   DASHBOARD  : default DASHBOARD=>PLUGIN DOM:select fee39ea1-2b03-47fb-9d4b-f0b533c8b9c4","timestamp":"2015-08-31T11:11:20.845Z"}
{"level":"info","message":"   DASHBOARD  : default DASHBOARD=>PLUGIN DOM:unselect fee39ea1-2b03-47fb-9d4b-f0b533c8b9c4","timestamp":"2015-08-31T11:11:21.276Z"}
{"level":"info","message":"   DASHBOARD  : default DASHBOARD=>PLUGIN DOM:select fee39ea1-2b03-47fb-9d4b-f0b533c8b9c4","timestamp":"2015-08-31T11:11:21.291Z"}
{"level":"info","message":"   DASHBOARD  : default DASHBOARD=>PLUGIN DOM:unselect fee39ea1-2b03-47fb-9d4b-f0b533c8b9c4","timestamp":"2015-08-31T11:11:25.972Z"}
{"level":"info","message":"   DASHBOARD  : default DASHBOARD=>PLUGIN DOM:getStyle fee39ea1-2b03-47fb-9d4b-f0b533c8b9c4","timestamp":"2015-08-31T11:11:32.467Z"}
{"level":"info","message":"   PLUGIN     : default PLUGIN=>DASHBOARD DOM:setLayoutStyle fee39ea1-2b03-47fb-9d4b-f0b533c8b9c4","timestamp":"2015-08-31T11:11:32.472Z"}
{"level":"info","message":"   DASHBOARD  : default DASHBOARD=>PLUGIN DOM:getInnerHTML fee39ea1-2b03-47fb-9d4b-f0b533c8b9c4","timestamp":"2015-08-31T11:11:34.088Z"}
{"level":"info","message":"   PLUGIN     : default PLUGIN=>DASHBOARD DOM:innerHTML fee39ea1-2b03-47fb-9d4b-f0b533c8b9c4","timestamp":"2015-08-31T11:11:34.095Z"}
{"level":"info","message":"   DASHBOARD  : default DASHBOARD=>PLUGIN DOM:select fee39ea1-2b03-47fb-9d4b-f0b533c8b9c4","timestamp":"2015-08-31T11:11:42.131Z"}
{"level":"info","message":"   DASHBOARD  : default DASHBOARD=>PLUGIN DOM:unselect fee39ea1-2b03-47fb-9d4b-f0b533c8b9c4","timestamp":"2015-08-31T11:11:42.146Z"}
{"level":"info","message":"   DASHBOARD  : default DASHBOARD=>PLUGIN DOM:select fee39ea1-2b03-47fb-9d4b-f0b533c8b9c4","timestamp":"2015-08-31T11:11:42.243Z"}
{"level":"info","message":"   DASHBOARD  : default DASHBOARD=>PLUGIN DOM:unselect fee39ea1-2b03-47fb-9d4b-f0b533c8b9c4","timestamp":"2015-08-31T11:11:42.267Z"}
{"level":"info","message":"   DASHBOARD  : default DASHBOARD=>PLUGIN DOM:select fee39ea1-2b03-47fb-9d4b-f0b533c8b9c4","timestamp":"2015-08-31T11:11:49.554Z"}
{"level":"info","message":"   DASHBOARD  : default DASHBOARD=>PLUGIN DOM:unselect fee39ea1-2b03-47fb-9d4b-f0b533c8b9c4","timestamp":"2015-08-31T11:11:49.568Z"}
{"level":"info","message":"   DASHBOARD  : default DASHBOARD=>PLUGIN OBJEXPLORER fee39ea1-2b03-47fb-9d4b-f0b533c8b9c4","timestamp":"2015-08-31T11:11:55.702Z"}
{"level":"info","message":"   PLUGIN     : default PLUGIN=>DASHBOARD OBJEXPLORER fee39ea1-2b03-47fb-9d4b-f0b533c8b9c4","timestamp":"2015-08-31T11:11:55.709Z"}
{"level":"info","message":"   DASHBOARD  : default DASHBOARD=>PLUGIN DOM:select fee39ea1-2b03-47fb-9d4b-f0b533c8b9c4","timestamp":"2015-08-31T11:12:09.405Z"}
{"level":"info","message":"   DASHBOARD  : default DASHBOARD=>PLUGIN DOM:unselect fee39ea1-2b03-47fb-9d4b-f0b533c8b9c4","timestamp":"2015-08-31T11:12:09.431Z"}
{"level":"info","message":"   DASHBOARD  : default DASHBOARD=>PLUGIN DOM:select fee39ea1-2b03-47fb-9d4b-f0b533c8b9c4","timestamp":"2015-08-31T11:12:09.452Z"}
{"level":"info","message":"   DASHBOARD  : default DASHBOARD=>PLUGIN DOM:unselect fee39ea1-2b03-47fb-9d4b-f0b533c8b9c4","timestamp":"2015-08-31T11:12:09.471Z"}
{"level":"info","message":"   DASHBOARD  : default DASHBOARD=>PLUGIN DOM:select fee39ea1-2b03-47fb-9d4b-f0b533c8b9c4","timestamp":"2015-08-31T11:12:09.621Z"}
{"level":"info","message":"   DASHBOARD  : default DASHBOARD=>PLUGIN DOM:unselect fee39ea1-2b03-47fb-9d4b-f0b533c8b9c4","timestamp":"2015-08-31T11:12:09.683Z"}
{"level":"info","message":"   DASHBOARD  : default DASHBOARD=>PLUGIN DOM:select fee39ea1-2b03-47fb-9d4b-f0b533c8b9c4","timestamp":"2015-08-31T11:12:09.715Z"}
{"level":"info","message":"   DASHBOARD  : default DASHBOARD=>PLUGIN DOM:unselect fee39ea1-2b03-47fb-9d4b-f0b533c8b9c4","timestamp":"2015-08-31T11:12:09.746Z"}
{"level":"info","message":"   DASHBOARD  : default DASHBOARD=>PLUGIN DOM:select fee39ea1-2b03-47fb-9d4b-f0b533c8b9c4","timestamp":"2015-08-31T11:12:09.876Z"}
{"level":"info","message":"   DASHBOARD  : default DASHBOARD=>PLUGIN DOM:unselect fee39ea1-2b03-47fb-9d4b-f0b533c8b9c4","timestamp":"2015-08-31T11:12:09.892Z"}
{"level":"info","message":"   DASHBOARD  : default DASHBOARD=>PLUGIN DOM:select fee39ea1-2b03-47fb-9d4b-f0b533c8b9c4","timestamp":"2015-08-31T11:12:09.899Z"}
{"level":"info","message":"   DASHBOARD  : default DASHBOARD=>PLUGIN DOM:unselect fee39ea1-2b03-47fb-9d4b-f0b533c8b9c4","timestamp":"2015-08-31T11:12:10.005Z"}
{"level":"info","message":"   DASHBOARD  : default DASHBOARD=>PLUGIN DOM:select fee39ea1-2b03-47fb-9d4b-f0b533c8b9c4","timestamp":"2015-08-31T11:12:10.035Z"}
{"level":"info","message":"   DASHBOARD  : default DASHBOARD=>PLUGIN DOM:unselect fee39ea1-2b03-47fb-9d4b-f0b533c8b9c4","timestamp":"2015-08-31T11:12:10.083Z"}
{"level":"info","message":"   DASHBOARD  : default DASHBOARD=>PLUGIN DOM:select fee39ea1-2b03-47fb-9d4b-f0b533c8b9c4","timestamp":"2015-08-31T11:12:10.107Z"}
{"level":"info","message":"   DASHBOARD  : default DASHBOARD=>PLUGIN DOM:unselect fee39ea1-2b03-47fb-9d4b-f0b533c8b9c4","timestamp":"2015-08-31T11:12:10.253Z"}
{"level":"info","message":"   DASHBOARD  : default DASHBOARD=>PLUGIN DOM:select fee39ea1-2b03-47fb-9d4b-f0b533c8b9c4","timestamp":"2015-08-31T11:12:10.284Z"}
{"level":"info","message":"   DASHBOARD  : default DASHBOARD=>PLUGIN DOM:unselect fee39ea1-2b03-47fb-9d4b-f0b533c8b9c4","timestamp":"2015-08-31T11:12:10.573Z"}
{"level":"info","message":"   DASHBOARD  : default DASHBOARD=>PLUGIN DOM:select fee39ea1-2b03-47fb-9d4b-f0b533c8b9c4","timestamp":"2015-08-31T11:12:10.595Z"}
{"level":"info","message":"   DASHBOARD  : default DASHBOARD=>PLUGIN DOM:unselect fee39ea1-2b03-47fb-9d4b-f0b533c8b9c4","timestamp":"2015-08-31T11:12:10.619Z"}
{"level":"info","message":"   DASHBOARD  : default DASHBOARD=>PLUGIN DOM:select fee39ea1-2b03-47fb-9d4b-f0b533c8b9c4","timestamp":"2015-08-31T11:12:10.751Z"}
{"level":"info","message":"   DASHBOARD  : default DASHBOARD=>PLUGIN DOM:unselect fee39ea1-2b03-47fb-9d4b-f0b533c8b9c4","timestamp":"2015-08-31T11:12:11.131Z"}
{"level":"info","message":"   DASHBOARD  : default DASHBOARD=>PLUGIN DOM:select fee39ea1-2b03-47fb-9d4b-f0b533c8b9c4","timestamp":"2015-08-31T11:12:11.397Z"}
{"level":"info","message":"   DASHBOARD  : default DASHBOARD=>PLUGIN DOM:unselect fee39ea1-2b03-47fb-9d4b-f0b533c8b9c4","timestamp":"2015-08-31T11:12:11.460Z"}
{"level":"info","message":"   DASHBOARD  : default DASHBOARD=>PLUGIN DOM:select fee39ea1-2b03-47fb-9d4b-f0b533c8b9c4","timestamp":"2015-08-31T11:12:11.789Z"}
{"level":"info","message":"   DASHBOARD  : default DASHBOARD=>PLUGIN DOM:unselect fee39ea1-2b03-47fb-9d4b-f0b533c8b9c4","timestamp":"2015-08-31T11:12:11.972Z"}
{"level":"info","message":"   DASHBOARD  : default DASHBOARD=>PLUGIN DOM:refreshNode fee39ea1-2b03-47fb-9d4b-f0b533c8b9c4","timestamp":"2015-08-31T11:12:12.468Z"}
{"level":"info","message":"   PLUGIN     : default PLUGIN=>DASHBOARD DOM:refreshNode fee39ea1-2b03-47fb-9d4b-f0b533c8b9c4","timestamp":"2015-08-31T11:12:12.880Z"}
{"level":"info","message":"   DASHBOARD  : default DASHBOARD=>PLUGIN DOM:select fee39ea1-2b03-47fb-9d4b-f0b533c8b9c4","timestamp":"2015-08-31T11:12:13.334Z"}
{"level":"info","message":"   DASHBOARD  : default DASHBOARD=>PLUGIN DOM:unselect fee39ea1-2b03-47fb-9d4b-f0b533c8b9c4","timestamp":"2015-08-31T11:12:13.394Z"}
{"level":"info","message":"   DASHBOARD  : default DASHBOARD=>PLUGIN DOM:select fee39ea1-2b03-47fb-9d4b-f0b533c8b9c4","timestamp":"2015-08-31T11:12:13.531Z"}
{"level":"info","message":"   DASHBOARD  : default DASHBOARD=>PLUGIN DOM:unselect fee39ea1-2b03-47fb-9d4b-f0b533c8b9c4","timestamp":"2015-08-31T11:12:13.603Z"}
{"level":"info","message":"   DASHBOARD  : default DASHBOARD=>PLUGIN DOM:select fee39ea1-2b03-47fb-9d4b-f0b533c8b9c4","timestamp":"2015-08-31T11:12:13.821Z"}
{"level":"info","message":"   DASHBOARD  : default DASHBOARD=>PLUGIN DOM:unselect fee39ea1-2b03-47fb-9d4b-f0b533c8b9c4","timestamp":"2015-08-31T11:12:13.925Z"}
{"level":"info","message":"   DASHBOARD  : default DASHBOARD=>PLUGIN DOM:select fee39ea1-2b03-47fb-9d4b-f0b533c8b9c4","timestamp":"2015-08-31T11:12:14.613Z"}
{"level":"info","message":"   DASHBOARD  : default DASHBOARD=>PLUGIN DOM:unselect fee39ea1-2b03-47fb-9d4b-f0b533c8b9c4","timestamp":"2015-08-31T11:12:14.739Z"}
{"level":"info","message":"   DASHBOARD  : default DASHBOARD=>PLUGIN DOM:select fee39ea1-2b03-47fb-9d4b-f0b533c8b9c4","timestamp":"2015-08-31T11:12:14.997Z"}
{"level":"info","message":"   DASHBOARD  : default DASHBOARD=>PLUGIN DOM:unselect fee39ea1-2b03-47fb-9d4b-f0b533c8b9c4","timestamp":"2015-08-31T11:12:15.615Z"}
{"level":"info","message":"   DASHBOARD  : default DASHBOARD=>PLUGIN DOM:select fee39ea1-2b03-47fb-9d4b-f0b533c8b9c4","timestamp":"2015-08-31T11:12:15.638Z"}
{"level":"info","message":"   DASHBOARD  : default DASHBOARD=>PLUGIN DOM:unselect fee39ea1-2b03-47fb-9d4b-f0b533c8b9c4","timestamp":"2015-08-31T11:12:15.837Z"}
{"level":"info","message":"   DASHBOARD  : default DASHBOARD=>PLUGIN DOM:select fee39ea1-2b03-47fb-9d4b-f0b533c8b9c4","timestamp":"2015-08-31T11:12:15.863Z"}
{"level":"info","message":"   DASHBOARD  : default DASHBOARD=>PLUGIN DOM:unselect fee39ea1-2b03-47fb-9d4b-f0b533c8b9c4","timestamp":"2015-08-31T11:12:15.891Z"}
{"level":"info","message":"   DASHBOARD  : default DASHBOARD=>PLUGIN DOM:select fee39ea1-2b03-47fb-9d4b-f0b533c8b9c4","timestamp":"2015-08-31T11:12:15.930Z"}
{"level":"info","message":"   DASHBOARD  : default DASHBOARD=>PLUGIN DOM:unselect fee39ea1-2b03-47fb-9d4b-f0b533c8b9c4","timestamp":"2015-08-31T11:12:15.947Z"}
{"level":"info","message":"   DASHBOARD  : default DASHBOARD=>PLUGIN DOM:select fee39ea1-2b03-47fb-9d4b-f0b533c8b9c4","timestamp":"2015-08-31T11:12:15.986Z"}
{"level":"info","message":"   DASHBOARD  : default DASHBOARD=>PLUGIN DOM:unselect fee39ea1-2b03-47fb-9d4b-f0b533c8b9c4","timestamp":"2015-08-31T11:12:16.004Z"}
{"level":"info","message":"   DASHBOARD  : default DASHBOARD=>PLUGIN DOM:select fee39ea1-2b03-47fb-9d4b-f0b533c8b9c4","timestamp":"2015-08-31T11:12:21.123Z"}
{"level":"info","message":"   DASHBOARD  : default DASHBOARD=>PLUGIN DOM:unselect fee39ea1-2b03-47fb-9d4b-f0b533c8b9c4","timestamp":"2015-08-31T11:12:21.227Z"}
{"level":"info","message":"   DASHBOARD  : default DASHBOARD=>PLUGIN DOM:select fee39ea1-2b03-47fb-9d4b-f0b533c8b9c4","timestamp":"2015-08-31T11:12:21.267Z"}
{"level":"info","message":"   DASHBOARD  : default DASHBOARD=>PLUGIN DOM:unselect fee39ea1-2b03-47fb-9d4b-f0b533c8b9c4","timestamp":"2015-08-31T11:12:21.331Z"}
{"level":"info","message":"   DASHBOARD  : default DASHBOARD=>PLUGIN DOM:select fee39ea1-2b03-47fb-9d4b-f0b533c8b9c4","timestamp":"2015-08-31T11:12:21.789Z"}
{"level":"info","message":"   DASHBOARD  : default DASHBOARD=>PLUGIN DOM:unselect fee39ea1-2b03-47fb-9d4b-f0b533c8b9c4","timestamp":"2015-08-31T11:12:21.859Z"}
{"level":"info","message":"   DASHBOARD  : default DASHBOARD=>PLUGIN DOM:select fee39ea1-2b03-47fb-9d4b-f0b533c8b9c4","timestamp":"2015-08-31T11:12:21.915Z"}
{"level":"info","message":"   DASHBOARD  : default DASHBOARD=>PLUGIN DOM:unselect fee39ea1-2b03-47fb-9d4b-f0b533c8b9c4","timestamp":"2015-08-31T11:12:23.602Z"}
{"level":"info","message":"   DASHBOARD  : default DASHBOARD=>PLUGIN DOM:select fee39ea1-2b03-47fb-9d4b-f0b533c8b9c4","timestamp":"2015-08-31T11:12:23.616Z"}
{"level":"info","message":"   DASHBOARD  : default DASHBOARD=>PLUGIN DOM:unselect fee39ea1-2b03-47fb-9d4b-f0b533c8b9c4","timestamp":"2015-08-31T11:12:24.711Z"}
{"level":"info","message":"   DASHBOARD  : default DASHBOARD=>PLUGIN DOM:select fee39ea1-2b03-47fb-9d4b-f0b533c8b9c4","timestamp":"2015-08-31T11:12:24.755Z"}
{"level":"info","message":"   DASHBOARD  : default DASHBOARD=>PLUGIN DOM:unselect fee39ea1-2b03-47fb-9d4b-f0b533c8b9c4","timestamp":"2015-08-31T11:12:24.772Z"}
{"level":"info","message":"   DASHBOARD  : default DASHBOARD=>PLUGIN DOM:attribute fee39ea1-2b03-47fb-9d4b-f0b533c8b9c4","timestamp":"2015-08-31T11:12:25.521Z"}
{"level":"info","message":"   PLUGIN     : default PLUGIN=>DASHBOARD ALL_PLUGINS fee39ea1-2b03-47fb-9d4b-f0b533c8b9c4","timestamp":"2015-08-31T11:12:25.835Z"}
{"level":"info","message":"   DASHBOARD  : default DASHBOARD=>PLUGIN DOM:select fee39ea1-2b03-47fb-9d4b-f0b533c8b9c4","timestamp":"2015-08-31T11:13:17.083Z"}
{"level":"info","message":"   DASHBOARD  : default DASHBOARD=>PLUGIN DOM:unselect fee39ea1-2b03-47fb-9d4b-f0b533c8b9c4","timestamp":"2015-08-31T11:13:17.101Z"}
{"level":"info","message":"   DASHBOARD  : default DASHBOARD=>PLUGIN DOM:select fee39ea1-2b03-47fb-9d4b-f0b533c8b9c4","timestamp":"2015-08-31T11:13:17.123Z"}
{"level":"info","message":"   DASHBOARD  : default DASHBOARD=>PLUGIN DOM:unselect fee39ea1-2b03-47fb-9d4b-f0b533c8b9c4","timestamp":"2015-08-31T11:13:17.155Z"}
{"level":"info","message":"   DASHBOARD  : default DASHBOARD=>PLUGIN DOM:select fee39ea1-2b03-47fb-9d4b-f0b533c8b9c4","timestamp":"2015-08-31T11:13:17.243Z"}
{"level":"info","message":"   DASHBOARD  : default DASHBOARD=>PLUGIN DOM:unselect fee39ea1-2b03-47fb-9d4b-f0b533c8b9c4","timestamp":"2015-08-31T11:13:17.323Z"}
{"level":"info","message":"   DASHBOARD  : default DASHBOARD=>PLUGIN DOM:select fee39ea1-2b03-47fb-9d4b-f0b533c8b9c4","timestamp":"2015-08-31T11:13:17.421Z"}
{"level":"info","message":"   DASHBOARD  : default DASHBOARD=>PLUGIN DOM:unselect fee39ea1-2b03-47fb-9d4b-f0b533c8b9c4","timestamp":"2015-08-31T11:13:17.507Z"}
{"level":"info","message":"   DASHBOARD  : default DASHBOARD=>PLUGIN DOM:select fee39ea1-2b03-47fb-9d4b-f0b533c8b9c4","timestamp":"2015-08-31T11:13:17.636Z"}
{"level":"info","message":"   DASHBOARD  : default DASHBOARD=>PLUGIN DOM:unselect fee39ea1-2b03-47fb-9d4b-f0b533c8b9c4","timestamp":"2015-08-31T11:13:17.650Z"}
{"level":"info","message":"   DASHBOARD  : default DASHBOARD=>PLUGIN DOM:select fee39ea1-2b03-47fb-9d4b-f0b533c8b9c4","timestamp":"2015-08-31T11:13:17.699Z"}
{"level":"info","message":"   DASHBOARD  : default DASHBOARD=>PLUGIN DOM:unselect fee39ea1-2b03-47fb-9d4b-f0b533c8b9c4","timestamp":"2015-08-31T11:13:18.244Z"}
{"level":"info","message":"   DASHBOARD  : default DASHBOARD=>PLUGIN DOM:select fee39ea1-2b03-47fb-9d4b-f0b533c8b9c4","timestamp":"2015-08-31T11:13:18.251Z"}
{"level":"info","message":"   DASHBOARD  : default DASHBOARD=>PLUGIN DOM:unselect fee39ea1-2b03-47fb-9d4b-f0b533c8b9c4","timestamp":"2015-08-31T11:13:18.437Z"}
{"level":"info","message":"   DASHBOARD  : default DASHBOARD=>PLUGIN DOM:select fee39ea1-2b03-47fb-9d4b-f0b533c8b9c4","timestamp":"2015-08-31T11:13:18.447Z"}
{"level":"info","message":"   DASHBOARD  : default DASHBOARD=>PLUGIN DOM:unselect fee39ea1-2b03-47fb-9d4b-f0b533c8b9c4","timestamp":"2015-08-31T11:13:19.493Z"}
{"level":"info","message":"   DASHBOARD  : default DASHBOARD=>PLUGIN DOM:select fee39ea1-2b03-47fb-9d4b-f0b533c8b9c4","timestamp":"2015-08-31T11:13:19.515Z"}
{"level":"info","message":"   DASHBOARD  : default DASHBOARD=>PLUGIN DOM:unselect fee39ea1-2b03-47fb-9d4b-f0b533c8b9c4","timestamp":"2015-08-31T11:13:19.563Z"}
{"level":"info","message":"   DASHBOARD  : default DASHBOARD=>PLUGIN DOM:select fee39ea1-2b03-47fb-9d4b-f0b533c8b9c4","timestamp":"2015-08-31T11:13:20.709Z"}
{"level":"info","message":"   DASHBOARD  : default DASHBOARD=>PLUGIN DOM:unselect fee39ea1-2b03-47fb-9d4b-f0b533c8b9c4","timestamp":"2015-08-31T11:13:20.901Z"}
{"level":"info","message":"   DASHBOARD  : default DASHBOARD=>PLUGIN DOM:select fee39ea1-2b03-47fb-9d4b-f0b533c8b9c4","timestamp":"2015-08-31T11:13:20.971Z"}
{"level":"info","message":"   DASHBOARD  : default DASHBOARD=>PLUGIN DOM:unselect fee39ea1-2b03-47fb-9d4b-f0b533c8b9c4","timestamp":"2015-08-31T11:13:21.477Z"}
{"level":"info","message":"   DASHBOARD  : default DASHBOARD=>PLUGIN DOM:select fee39ea1-2b03-47fb-9d4b-f0b533c8b9c4","timestamp":"2015-08-31T11:13:21.489Z"}
{"level":"info","message":"   DASHBOARD  : default DASHBOARD=>PLUGIN DOM:unselect fee39ea1-2b03-47fb-9d4b-f0b533c8b9c4","timestamp":"2015-08-31T11:13:21.653Z"}
{"level":"info","message":"   DASHBOARD  : default DASHBOARD=>PLUGIN DOM:select fee39ea1-2b03-47fb-9d4b-f0b533c8b9c4","timestamp":"2015-08-31T11:13:21.663Z"}
{"level":"info","message":"   DASHBOARD  : default DASHBOARD=>PLUGIN DOM:unselect fee39ea1-2b03-47fb-9d4b-f0b533c8b9c4","timestamp":"2015-08-31T11:13:22.101Z"}
{"level":"info","message":"   DASHBOARD  : default DASHBOARD=>PLUGIN DOM:select fee39ea1-2b03-47fb-9d4b-f0b533c8b9c4","timestamp":"2015-08-31T11:13:22.114Z"}
{"level":"info","message":"   DASHBOARD  : default DASHBOARD=>PLUGIN DOM:unselect fee39ea1-2b03-47fb-9d4b-f0b533c8b9c4","timestamp":"2015-08-31T11:13:22.269Z"}
{"level":"info","message":"   DASHBOARD  : default DASHBOARD=>PLUGIN DOM:select fee39ea1-2b03-47fb-9d4b-f0b533c8b9c4","timestamp":"2015-08-31T11:13:22.282Z"}
{"level":"info","message":"   DASHBOARD  : default DASHBOARD=>PLUGIN DOM:unselect fee39ea1-2b03-47fb-9d4b-f0b533c8b9c4","timestamp":"2015-08-31T11:13:22.654Z"}
{"level":"info","message":"   DASHBOARD  : default DASHBOARD=>PLUGIN DOM:select fee39ea1-2b03-47fb-9d4b-f0b533c8b9c4","timestamp":"2015-08-31T11:13:22.795Z"}
{"level":"info","message":"   DASHBOARD  : default DASHBOARD=>PLUGIN DOM:unselect fee39ea1-2b03-47fb-9d4b-f0b533c8b9c4","timestamp":"2015-08-31T11:13:23.188Z"}
{"level":"info","message":"   DASHBOARD  : default DASHBOARD=>PLUGIN DOM:select fee39ea1-2b03-47fb-9d4b-f0b533c8b9c4","timestamp":"2015-08-31T11:13:24.267Z"}
{"level":"info","message":"   DASHBOARD  : default DASHBOARD=>PLUGIN DOM:unselect fee39ea1-2b03-47fb-9d4b-f0b533c8b9c4","timestamp":"2015-08-31T11:13:24.379Z"}
{"level":"info","message":"   DASHBOARD  : default DASHBOARD=>PLUGIN DOM:select fee39ea1-2b03-47fb-9d4b-f0b533c8b9c4","timestamp":"2015-08-31T11:13:24.685Z"}
{"level":"info","message":"   DASHBOARD  : default DASHBOARD=>PLUGIN DOM:unselect fee39ea1-2b03-47fb-9d4b-f0b533c8b9c4","timestamp":"2015-08-31T11:13:24.885Z"}
{"level":"info","message":"   DASHBOARD  : default DASHBOARD=>PLUGIN DOM:select fee39ea1-2b03-47fb-9d4b-f0b533c8b9c4","timestamp":"2015-08-31T11:13:24.971Z"}
{"level":"info","message":"   DASHBOARD  : default DASHBOARD=>PLUGIN DOM:unselect fee39ea1-2b03-47fb-9d4b-f0b533c8b9c4","timestamp":"2015-08-31T11:13:25.115Z"}
{"level":"info","message":"   DASHBOARD  : default DASHBOARD=>PLUGIN DOM:select fee39ea1-2b03-47fb-9d4b-f0b533c8b9c4","timestamp":"2015-08-31T11:13:25.389Z"}
{"level":"info","message":"   DASHBOARD  : default DASHBOARD=>PLUGIN DOM:unselect fee39ea1-2b03-47fb-9d4b-f0b533c8b9c4","timestamp":"2015-08-31T11:13:25.765Z"}
{"level":"info","message":"   DASHBOARD  : default DASHBOARD=>PLUGIN DOM:select fee39ea1-2b03-47fb-9d4b-f0b533c8b9c4","timestamp":"2015-08-31T11:13:25.834Z"}
{"level":"info","message":"   DASHBOARD  : default DASHBOARD=>PLUGIN DOM:unselect fee39ea1-2b03-47fb-9d4b-f0b533c8b9c4","timestamp":"2015-08-31T11:13:26.159Z"}
{"level":"info","message":"   DASHBOARD  : default DASHBOARD=>PLUGIN DOM:select fee39ea1-2b03-47fb-9d4b-f0b533c8b9c4","timestamp":"2015-08-31T11:13:26.164Z"}
{"level":"info","message":"   DASHBOARD  : default DASHBOARD=>PLUGIN DOM:unselect fee39ea1-2b03-47fb-9d4b-f0b533c8b9c4","timestamp":"2015-08-31T11:13:26.325Z"}
{"level":"info","message":"   DASHBOARD  : default DASHBOARD=>PLUGIN DOM:select fee39ea1-2b03-47fb-9d4b-f0b533c8b9c4","timestamp":"2015-08-31T11:13:26.340Z"}
{"level":"info","message":"   DASHBOARD  : default DASHBOARD=>PLUGIN DOM:unselect fee39ea1-2b03-47fb-9d4b-f0b533c8b9c4","timestamp":"2015-08-31T11:13:27.023Z"}
{"level":"info","message":"   DASHBOARD  : default DASHBOARD=>PLUGIN DOM:select fee39ea1-2b03-47fb-9d4b-f0b533c8b9c4","timestamp":"2015-08-31T11:13:27.039Z"}
{"level":"info","message":"   DASHBOARD  : default DASHBOARD=>PLUGIN DOM:unselect fee39ea1-2b03-47fb-9d4b-f0b533c8b9c4","timestamp":"2015-08-31T11:13:27.221Z"}
{"level":"info","message":"   DASHBOARD  : default DASHBOARD=>PLUGIN DOM:select fee39ea1-2b03-47fb-9d4b-f0b533c8b9c4","timestamp":"2015-08-31T11:13:27.232Z"}
{"level":"info","message":"   DASHBOARD  : default DASHBOARD=>PLUGIN DOM:unselect fee39ea1-2b03-47fb-9d4b-f0b533c8b9c4","timestamp":"2015-08-31T11:13:27.724Z"}
{"level":"info","message":"   DASHBOARD  : default DASHBOARD=>PLUGIN DOM:select fee39ea1-2b03-47fb-9d4b-f0b533c8b9c4","timestamp":"2015-08-31T11:13:27.734Z"}
{"level":"info","message":"   DASHBOARD  : default DASHBOARD=>PLUGIN DOM:unselect fee39ea1-2b03-47fb-9d4b-f0b533c8b9c4","timestamp":"2015-08-31T11:13:27.877Z"}
{"level":"info","message":"   DASHBOARD  : default DASHBOARD=>PLUGIN DOM:select fee39ea1-2b03-47fb-9d4b-f0b533c8b9c4","timestamp":"2015-08-31T11:13:27.892Z"}
{"level":"info","message":"   DASHBOARD  : default DASHBOARD=>PLUGIN DOM:unselect fee39ea1-2b03-47fb-9d4b-f0b533c8b9c4","timestamp":"2015-08-31T11:13:28.199Z"}
{"level":"info","message":"   DASHBOARD  : default DASHBOARD=>PLUGIN DOM:select fee39ea1-2b03-47fb-9d4b-f0b533c8b9c4","timestamp":"2015-08-31T11:13:28.204Z"}
{"level":"info","message":"   DASHBOARD  : default DASHBOARD=>PLUGIN DOM:unselect fee39ea1-2b03-47fb-9d4b-f0b533c8b9c4","timestamp":"2015-08-31T11:13:28.383Z"}
{"level":"info","message":"   DASHBOARD  : default DASHBOARD=>PLUGIN DOM:select fee39ea1-2b03-47fb-9d4b-f0b533c8b9c4","timestamp":"2015-08-31T11:13:28.395Z"}
{"level":"info","message":"   DASHBOARD  : default DASHBOARD=>PLUGIN DOM:unselect fee39ea1-2b03-47fb-9d4b-f0b533c8b9c4","timestamp":"2015-08-31T11:13:29.333Z"}
{"level":"info","message":"   DASHBOARD  : default DASHBOARD=>PLUGIN DOM:select fee39ea1-2b03-47fb-9d4b-f0b533c8b9c4","timestamp":"2015-08-31T11:13:29.372Z"}
{"level":"info","message":"   DASHBOARD  : default DASHBOARD=>PLUGIN DOM:unselect fee39ea1-2b03-47fb-9d4b-f0b533c8b9c4","timestamp":"2015-08-31T11:13:29.459Z"}
{"level":"info","message":"   DASHBOARD  : default DASHBOARD=>PLUGIN DOM:select fee39ea1-2b03-47fb-9d4b-f0b533c8b9c4","timestamp":"2015-08-31T11:13:30.219Z"}
{"level":"info","message":"   DASHBOARD  : default DASHBOARD=>PLUGIN DOM:unselect fee39ea1-2b03-47fb-9d4b-f0b533c8b9c4","timestamp":"2015-08-31T11:13:30.251Z"}
{"level":"info","message":"   DASHBOARD  : default DASHBOARD=>PLUGIN DOM:select fee39ea1-2b03-47fb-9d4b-f0b533c8b9c4","timestamp":"2015-08-31T11:13:30.958Z"}
{"level":"info","message":"   DASHBOARD  : default DASHBOARD=>PLUGIN DOM:unselect fee39ea1-2b03-47fb-9d4b-f0b533c8b9c4","timestamp":"2015-08-31T11:13:30.988Z"}
{"level":"info","message":"   DASHBOARD  : default DASHBOARD=>PLUGIN DOM:select fee39ea1-2b03-47fb-9d4b-f0b533c8b9c4","timestamp":"2015-08-31T11:13:31.092Z"}
{"level":"info","message":"   DASHBOARD  : default DASHBOARD=>PLUGIN DOM:unselect fee39ea1-2b03-47fb-9d4b-f0b533c8b9c4","timestamp":"2015-08-31T11:13:31.110Z"}
{"level":"info","message":"   DASHBOARD  : default DASHBOARD=>PLUGIN DOM:select fee39ea1-2b03-47fb-9d4b-f0b533c8b9c4","timestamp":"2015-08-31T11:13:31.155Z"}
{"level":"info","message":"   DASHBOARD  : default DASHBOARD=>PLUGIN DOM:unselect fee39ea1-2b03-47fb-9d4b-f0b533c8b9c4","timestamp":"2015-08-31T11:13:31.169Z"}
{"level":"info","message":"   DASHBOARD  : default DASHBOARD=>PLUGIN DOM:select fee39ea1-2b03-47fb-9d4b-f0b533c8b9c4","timestamp":"2015-08-31T11:13:31.235Z"}
{"level":"info","message":"   DASHBOARD  : default DASHBOARD=>PLUGIN DOM:unselect fee39ea1-2b03-47fb-9d4b-f0b533c8b9c4","timestamp":"2015-08-31T11:13:31.267Z"}
{"level":"info","message":"   DASHBOARD  : default DASHBOARD=>PLUGIN DOM:select fee39ea1-2b03-47fb-9d4b-f0b533c8b9c4","timestamp":"2015-08-31T11:13:47.947Z"}
{"level":"info","message":"   DASHBOARD  : default DASHBOARD=>PLUGIN DOM:unselect fee39ea1-2b03-47fb-9d4b-f0b533c8b9c4","timestamp":"2015-08-31T11:13:47.987Z"}
{"level":"info","message":"   DASHBOARD  : default DASHBOARD=>PLUGIN DOM:attribute fee39ea1-2b03-47fb-9d4b-f0b533c8b9c4","timestamp":"2015-08-31T11:13:48.635Z"}
{"level":"info","message":"   DASHBOARD  : default DASHBOARD=>PLUGIN DOM:getInnerHTML fee39ea1-2b03-47fb-9d4b-f0b533c8b9c4","timestamp":"2015-08-31T11:13:48.739Z"}
{"level":"info","message":"   PLUGIN     : default PLUGIN=>DASHBOARD DOM:innerHTML fee39ea1-2b03-47fb-9d4b-f0b533c8b9c4","timestamp":"2015-08-31T11:13:48.759Z"}
{"level":"info","message":"   PLUGIN     : default PLUGIN=>DASHBOARD ALL_PLUGINS fee39ea1-2b03-47fb-9d4b-f0b533c8b9c4","timestamp":"2015-08-31T11:13:48.947Z"}
{"level":"info","message":"   DASHBOARD  : default DASHBOARD=>PLUGIN DOM:select fee39ea1-2b03-47fb-9d4b-f0b533c8b9c4","timestamp":"2015-08-31T11:13:50.010Z"}
{"level":"info","message":"   DASHBOARD  : default DASHBOARD=>PLUGIN DOM:unselect fee39ea1-2b03-47fb-9d4b-f0b533c8b9c4","timestamp":"2015-08-31T11:13:50.101Z"}
{"level":"info","message":"   DASHBOARD  : default DASHBOARD=>PLUGIN DOM:select fee39ea1-2b03-47fb-9d4b-f0b533c8b9c4","timestamp":"2015-08-31T11:13:50.203Z"}
{"level":"info","message":"   DASHBOARD  : default DASHBOARD=>PLUGIN DOM:unselect fee39ea1-2b03-47fb-9d4b-f0b533c8b9c4","timestamp":"2015-08-31T11:13:50.228Z"}
{"level":"info","message":"   DASHBOARD  : default DASHBOARD=>PLUGIN DOM:select fee39ea1-2b03-47fb-9d4b-f0b533c8b9c4","timestamp":"2015-08-31T11:13:50.307Z"}
{"level":"info","message":"   DASHBOARD  : default DASHBOARD=>PLUGIN DOM:unselect fee39ea1-2b03-47fb-9d4b-f0b533c8b9c4","timestamp":"2015-08-31T11:13:50.388Z"}
{"level":"info","message":"   DASHBOARD  : default DASHBOARD=>PLUGIN DOM:select fee39ea1-2b03-47fb-9d4b-f0b533c8b9c4","timestamp":"2015-08-31T11:13:50.475Z"}
{"level":"info","message":"   DASHBOARD  : default DASHBOARD=>PLUGIN DOM:unselect fee39ea1-2b03-47fb-9d4b-f0b533c8b9c4","timestamp":"2015-08-31T11:13:50.581Z"}
{"level":"info","message":"   DASHBOARD  : default DASHBOARD=>PLUGIN DOM:select fee39ea1-2b03-47fb-9d4b-f0b533c8b9c4","timestamp":"2015-08-31T11:13:50.765Z"}
{"level":"info","message":"   DASHBOARD  : default DASHBOARD=>PLUGIN DOM:unselect fee39ea1-2b03-47fb-9d4b-f0b533c8b9c4","timestamp":"2015-08-31T11:13:50.795Z"}
{"level":"info","message":"   DASHBOARD  : default DASHBOARD=>PLUGIN DOM:select fee39ea1-2b03-47fb-9d4b-f0b533c8b9c4","timestamp":"2015-08-31T11:13:50.819Z"}
{"level":"info","message":"   DASHBOARD  : default DASHBOARD=>PLUGIN DOM:unselect fee39ea1-2b03-47fb-9d4b-f0b533c8b9c4","timestamp":"2015-08-31T11:13:51.173Z"}
{"level":"info","message":"   DASHBOARD  : default DASHBOARD=>PLUGIN DOM:select fee39ea1-2b03-47fb-9d4b-f0b533c8b9c4","timestamp":"2015-08-31T11:13:51.269Z"}
{"level":"info","message":"   DASHBOARD  : default DASHBOARD=>PLUGIN DOM:unselect fee39ea1-2b03-47fb-9d4b-f0b533c8b9c4","timestamp":"2015-08-31T11:13:51.349Z"}
{"level":"info","message":"   DASHBOARD  : default DASHBOARD=>PLUGIN DOM:select fee39ea1-2b03-47fb-9d4b-f0b533c8b9c4","timestamp":"2015-08-31T11:13:51.541Z"}
{"level":"info","message":"   DASHBOARD  : default DASHBOARD=>PLUGIN DOM:unselect fee39ea1-2b03-47fb-9d4b-f0b533c8b9c4","timestamp":"2015-08-31T11:13:51.757Z"}
{"level":"info","message":"   DASHBOARD  : default DASHBOARD=>PLUGIN DOM:select fee39ea1-2b03-47fb-9d4b-f0b533c8b9c4","timestamp":"2015-08-31T11:13:51.949Z"}
{"level":"info","message":"   DASHBOARD  : default DASHBOARD=>PLUGIN DOM:unselect fee39ea1-2b03-47fb-9d4b-f0b533c8b9c4","timestamp":"2015-08-31T11:14:22.781Z"}
{"level":"info","message":"   DASHBOARD  : default DASHBOARD=>PLUGIN DOM:select fee39ea1-2b03-47fb-9d4b-f0b533c8b9c4","timestamp":"2015-08-31T11:14:22.805Z"}
{"level":"info","message":"   DASHBOARD  : default DASHBOARD=>PLUGIN DOM:unselect fee39ea1-2b03-47fb-9d4b-f0b533c8b9c4","timestamp":"2015-08-31T11:14:22.924Z"}
{"level":"info","message":"   DASHBOARD  : default DASHBOARD=>PLUGIN DOM:select fee39ea1-2b03-47fb-9d4b-f0b533c8b9c4","timestamp":"2015-08-31T11:14:22.947Z"}
{"level":"info","message":"   DASHBOARD  : default DASHBOARD=>PLUGIN DOM:unselect fee39ea1-2b03-47fb-9d4b-f0b533c8b9c4","timestamp":"2015-08-31T11:14:22.966Z"}
{"level":"info","message":"   DASHBOARD  : default DASHBOARD=>PLUGIN DOM:select fee39ea1-2b03-47fb-9d4b-f0b533c8b9c4","timestamp":"2015-08-31T11:14:23.093Z"}
{"level":"info","message":"   DASHBOARD  : default DASHBOARD=>PLUGIN DOM:unselect fee39ea1-2b03-47fb-9d4b-f0b533c8b9c4","timestamp":"2015-08-31T11:14:23.164Z"}
{"level":"info","message":"   DASHBOARD  : default DASHBOARD=>PLUGIN DOM:select fee39ea1-2b03-47fb-9d4b-f0b533c8b9c4","timestamp":"2015-08-31T11:14:23.196Z"}
{"level":"info","message":"   DASHBOARD  : default DASHBOARD=>PLUGIN DOM:unselect fee39ea1-2b03-47fb-9d4b-f0b533c8b9c4","timestamp":"2015-08-31T11:14:23.227Z"}
{"level":"info","message":"   DASHBOARD  : default DASHBOARD=>PLUGIN DOM:select fee39ea1-2b03-47fb-9d4b-f0b533c8b9c4","timestamp":"2015-08-31T11:14:23.429Z"}
{"level":"info","message":"   DASHBOARD  : default DASHBOARD=>PLUGIN DOM:unselect fee39ea1-2b03-47fb-9d4b-f0b533c8b9c4","timestamp":"2015-08-31T11:14:23.483Z"}
{"level":"info","message":"   DASHBOARD  : default DASHBOARD=>PLUGIN DOM:select fee39ea1-2b03-47fb-9d4b-f0b533c8b9c4","timestamp":"2015-08-31T11:14:23.515Z"}
{"level":"info","message":"   DASHBOARD  : default DASHBOARD=>PLUGIN DOM:unselect fee39ea1-2b03-47fb-9d4b-f0b533c8b9c4","timestamp":"2015-08-31T11:14:23.684Z"}
{"level":"info","message":"   DASHBOARD  : default DASHBOARD=>PLUGIN DOM:select fee39ea1-2b03-47fb-9d4b-f0b533c8b9c4","timestamp":"2015-08-31T11:14:24.197Z"}
{"level":"info","message":"   DASHBOARD  : default DASHBOARD=>PLUGIN DOM:unselect fee39ea1-2b03-47fb-9d4b-f0b533c8b9c4","timestamp":"2015-08-31T11:14:24.535Z"}
{"level":"info","message":"   DASHBOARD  : default DASHBOARD=>PLUGIN DOM:select fee39ea1-2b03-47fb-9d4b-f0b533c8b9c4","timestamp":"2015-08-31T11:14:24.568Z"}
{"level":"info","message":"   DASHBOARD  : default DASHBOARD=>PLUGIN DOM:unselect fee39ea1-2b03-47fb-9d4b-f0b533c8b9c4","timestamp":"2015-08-31T11:14:25.317Z"}
{"level":"info","message":"   DASHBOARD  : default DASHBOARD=>PLUGIN DOM:select fee39ea1-2b03-47fb-9d4b-f0b533c8b9c4","timestamp":"2015-08-31T11:14:25.337Z"}
{"level":"info","message":"   DASHBOARD  : default DASHBOARD=>PLUGIN DOM:unselect fee39ea1-2b03-47fb-9d4b-f0b533c8b9c4","timestamp":"2015-08-31T11:14:25.347Z"}
{"level":"info","message":"   DASHBOARD  : default DASHBOARD=>PLUGIN DOM:select fee39ea1-2b03-47fb-9d4b-f0b533c8b9c4","timestamp":"2015-08-31T11:14:25.361Z"}
{"level":"info","message":"   DASHBOARD  : default DASHBOARD=>PLUGIN DOM:unselect fee39ea1-2b03-47fb-9d4b-f0b533c8b9c4","timestamp":"2015-08-31T11:14:25.380Z"}
{"level":"info","message":"   DASHBOARD  : default DASHBOARD=>PLUGIN DOM:select fee39ea1-2b03-47fb-9d4b-f0b533c8b9c4","timestamp":"2015-08-31T11:14:25.402Z"}
{"level":"info","message":"   DASHBOARD  : default DASHBOARD=>PLUGIN DOM:unselect fee39ea1-2b03-47fb-9d4b-f0b533c8b9c4","timestamp":"2015-08-31T11:14:25.419Z"}
{"level":"info","message":"   DASHBOARD  : default DASHBOARD=>PLUGIN DOM:getInnerHTML fee39ea1-2b03-47fb-9d4b-f0b533c8b9c4","timestamp":"2015-08-31T11:14:26.109Z"}
{"level":"info","message":"   PLUGIN     : default PLUGIN=>DASHBOARD DOM:innerHTML fee39ea1-2b03-47fb-9d4b-f0b533c8b9c4","timestamp":"2015-08-31T11:14:26.114Z"}
{"level":"info","message":"   DASHBOARD  : default DASHBOARD=>PLUGIN DOM:getInnerHTML fee39ea1-2b03-47fb-9d4b-f0b533c8b9c4","timestamp":"2015-08-31T11:14:52.397Z"}
{"level":"info","message":"   PLUGIN     : default PLUGIN=>DASHBOARD DOM:innerHTML fee39ea1-2b03-47fb-9d4b-f0b533c8b9c4","timestamp":"2015-08-31T11:14:52.401Z"}
{"level":"info","message":"   DASHBOARD  : default DASHBOARD=>PLUGIN DOM:saveinnerHTML fee39ea1-2b03-47fb-9d4b-f0b533c8b9c4","timestamp":"2015-08-31T11:14:56.518Z"}
{"level":"info","message":"   PLUGIN     : default PLUGIN=>DASHBOARD DOM:refreshNode fee39ea1-2b03-47fb-9d4b-f0b533c8b9c4","timestamp":"2015-08-31T11:14:56.578Z"}
{"level":"info","message":"   PLUGIN     : default PLUGIN=>DASHBOARD ALL_PLUGINS fee39ea1-2b03-47fb-9d4b-f0b533c8b9c4","timestamp":"2015-08-31T11:14:56.886Z"}
{"level":"info","message":"   DASHBOARD  : default DASHBOARD=>PLUGIN DOM:select fee39ea1-2b03-47fb-9d4b-f0b533c8b9c4","timestamp":"2015-08-31T11:15:57.667Z"}
{"level":"info","message":"   DASHBOARD  : default DASHBOARD=>PLUGIN DOM:unselect fee39ea1-2b03-47fb-9d4b-f0b533c8b9c4","timestamp":"2015-08-31T11:15:57.700Z"}
{"level":"info","message":"   DASHBOARD  : default DASHBOARD=>PLUGIN DOM:select fee39ea1-2b03-47fb-9d4b-f0b533c8b9c4","timestamp":"2015-08-31T11:15:57.940Z"}
{"level":"info","message":"   DASHBOARD  : default DASHBOARD=>PLUGIN DOM:unselect fee39ea1-2b03-47fb-9d4b-f0b533c8b9c4","timestamp":"2015-08-31T11:15:57.964Z"}
{"level":"info","message":"   DASHBOARD  : default DASHBOARD=>PLUGIN DOM:select fee39ea1-2b03-47fb-9d4b-f0b533c8b9c4","timestamp":"2015-08-31T11:15:58.100Z"}
{"level":"info","message":"   DASHBOARD  : default DASHBOARD=>PLUGIN DOM:unselect fee39ea1-2b03-47fb-9d4b-f0b533c8b9c4","timestamp":"2015-08-31T11:15:58.655Z"}
{"level":"info","message":"   DASHBOARD  : default DASHBOARD=>PLUGIN DOM:select fee39ea1-2b03-47fb-9d4b-f0b533c8b9c4","timestamp":"2015-08-31T11:16:01.041Z"}
{"level":"info","message":"   DASHBOARD  : default DASHBOARD=>PLUGIN DOM:unselect fee39ea1-2b03-47fb-9d4b-f0b533c8b9c4","timestamp":"2015-08-31T11:16:02.038Z"}
{"level":"info","message":"   DASHBOARD  : default DASHBOARD=>PLUGIN DOM:select fee39ea1-2b03-47fb-9d4b-f0b533c8b9c4","timestamp":"2015-08-31T11:16:02.115Z"}
{"level":"info","message":"   DASHBOARD  : default DASHBOARD=>PLUGIN DOM:unselect fee39ea1-2b03-47fb-9d4b-f0b533c8b9c4","timestamp":"2015-08-31T11:16:02.701Z"}
{"level":"info","message":"   DASHBOARD  : default DASHBOARD=>PLUGIN DOM:select fee39ea1-2b03-47fb-9d4b-f0b533c8b9c4","timestamp":"2015-08-31T11:16:02.806Z"}
{"level":"info","message":"   DASHBOARD  : default DASHBOARD=>PLUGIN DOM:unselect fee39ea1-2b03-47fb-9d4b-f0b533c8b9c4","timestamp":"2015-08-31T11:16:03.253Z"}
{"level":"info","message":"   DASHBOARD  : default DASHBOARD=>PLUGIN DOM:select fee39ea1-2b03-47fb-9d4b-f0b533c8b9c4","timestamp":"2015-08-31T11:16:03.981Z"}
{"level":"info","message":"   DASHBOARD  : default DASHBOARD=>PLUGIN DOM:unselect fee39ea1-2b03-47fb-9d4b-f0b533c8b9c4","timestamp":"2015-08-31T11:16:04.016Z"}
{"level":"info","message":"   DASHBOARD  : default DASHBOARD=>PLUGIN DOM:select fee39ea1-2b03-47fb-9d4b-f0b533c8b9c4","timestamp":"2015-08-31T11:16:04.037Z"}
{"level":"info","message":"   DASHBOARD  : default DASHBOARD=>PLUGIN DOM:unselect fee39ea1-2b03-47fb-9d4b-f0b533c8b9c4","timestamp":"2015-08-31T11:16:04.090Z"}
{"level":"info","message":"   DASHBOARD  : default DASHBOARD=>PLUGIN DOM:select fee39ea1-2b03-47fb-9d4b-f0b533c8b9c4","timestamp":"2015-08-31T11:16:04.141Z"}
{"level":"info","message":"   DASHBOARD  : default DASHBOARD=>PLUGIN DOM:unselect fee39ea1-2b03-47fb-9d4b-f0b533c8b9c4","timestamp":"2015-08-31T11:16:05.074Z"}
{"level":"info","message":"   DASHBOARD  : default DASHBOARD=>PLUGIN DOM:select fee39ea1-2b03-47fb-9d4b-f0b533c8b9c4","timestamp":"2015-08-31T11:16:06.043Z"}
{"level":"info","message":"   DASHBOARD  : default DASHBOARD=>PLUGIN DOM:unselect fee39ea1-2b03-47fb-9d4b-f0b533c8b9c4","timestamp":"2015-08-31T11:16:06.726Z"}
{"level":"info","message":"   DASHBOARD  : default DASHBOARD=>PLUGIN DOM:select fee39ea1-2b03-47fb-9d4b-f0b533c8b9c4","timestamp":"2015-08-31T11:16:06.763Z"}
{"level":"info","message":"   DASHBOARD  : default DASHBOARD=>PLUGIN DOM:unselect fee39ea1-2b03-47fb-9d4b-f0b533c8b9c4","timestamp":"2015-08-31T11:16:07.238Z"}
{"level":"info","message":"   DASHBOARD  : default DASHBOARD=>PLUGIN DOM:select fee39ea1-2b03-47fb-9d4b-f0b533c8b9c4","timestamp":"2015-08-31T11:16:07.258Z"}
{"level":"info","message":"   DASHBOARD  : default DASHBOARD=>PLUGIN DOM:unselect fee39ea1-2b03-47fb-9d4b-f0b533c8b9c4","timestamp":"2015-08-31T11:16:07.790Z"}
{"level":"info","message":"   DASHBOARD  : default DASHBOARD=>PLUGIN DOM:select fee39ea1-2b03-47fb-9d4b-f0b533c8b9c4","timestamp":"2015-08-31T11:16:07.835Z"}
{"level":"info","message":"   DASHBOARD  : default DASHBOARD=>PLUGIN DOM:unselect fee39ea1-2b03-47fb-9d4b-f0b533c8b9c4","timestamp":"2015-08-31T11:16:08.385Z"}
{"level":"info","message":"   DASHBOARD  : default DASHBOARD=>PLUGIN DOM:select fee39ea1-2b03-47fb-9d4b-f0b533c8b9c4","timestamp":"2015-08-31T11:16:08.400Z"}
{"level":"info","message":"   DASHBOARD  : default DASHBOARD=>PLUGIN DOM:unselect fee39ea1-2b03-47fb-9d4b-f0b533c8b9c4","timestamp":"2015-08-31T11:16:11.749Z"}
{"level":"info","message":"   DASHBOARD  : default DASHBOARD=>PLUGIN DOM:select fee39ea1-2b03-47fb-9d4b-f0b533c8b9c4","timestamp":"2015-08-31T11:16:11.854Z"}
{"level":"info","message":"   DASHBOARD  : default DASHBOARD=>PLUGIN DOM:unselect fee39ea1-2b03-47fb-9d4b-f0b533c8b9c4","timestamp":"2015-08-31T11:16:12.315Z"}
{"level":"info","message":"   DASHBOARD  : default DASHBOARD=>PLUGIN DOM:attribute fee39ea1-2b03-47fb-9d4b-f0b533c8b9c4","timestamp":"2015-08-31T11:16:13.289Z"}
{"level":"info","message":"   DASHBOARD  : default DASHBOARD=>PLUGIN DOM:select fee39ea1-2b03-47fb-9d4b-f0b533c8b9c4","timestamp":"2015-08-31T11:16:13.550Z"}
{"level":"info","message":"   PLUGIN     : default PLUGIN=>DASHBOARD ALL_PLUGINS fee39ea1-2b03-47fb-9d4b-f0b533c8b9c4","timestamp":"2015-08-31T11:16:13.595Z"}
{"level":"info","message":"   DASHBOARD  : default DASHBOARD=>PLUGIN DOM:unselect fee39ea1-2b03-47fb-9d4b-f0b533c8b9c4","timestamp":"2015-08-31T11:16:13.684Z"}
{"level":"info","message":"   DASHBOARD  : default DASHBOARD=>PLUGIN DOM:select fee39ea1-2b03-47fb-9d4b-f0b533c8b9c4","timestamp":"2015-08-31T11:16:13.789Z"}
{"level":"info","message":"   DASHBOARD  : default DASHBOARD=>PLUGIN DOM:unselect fee39ea1-2b03-47fb-9d4b-f0b533c8b9c4","timestamp":"2015-08-31T11:16:14.171Z"}
{"level":"info","message":"   DASHBOARD  : default DASHBOARD=>PLUGIN DOM:unselect fee39ea1-2b03-47fb-9d4b-f0b533c8b9c4","timestamp":"2015-08-31T11:16:14.759Z"}
{"level":"info","message":"   DASHBOARD  : default DASHBOARD=>PLUGIN DOM:select fee39ea1-2b03-47fb-9d4b-f0b533c8b9c4","timestamp":"2015-08-31T11:16:14.778Z"}
{"level":"info","message":"   DASHBOARD  : default DASHBOARD=>PLUGIN DOM:getInnerHTML fee39ea1-2b03-47fb-9d4b-f0b533c8b9c4","timestamp":"2015-08-31T11:16:14.781Z"}
{"level":"info","message":"   DASHBOARD  : default DASHBOARD=>PLUGIN DOM:getInnerHTML fee39ea1-2b03-47fb-9d4b-f0b533c8b9c4","timestamp":"2015-08-31T11:16:14.787Z"}
{"level":"info","message":"   PLUGIN     : default PLUGIN=>DASHBOARD DOM:innerHTML fee39ea1-2b03-47fb-9d4b-f0b533c8b9c4","timestamp":"2015-08-31T11:16:14.792Z"}
{"level":"info","message":"   PLUGIN     : default PLUGIN=>DASHBOARD DOM:innerHTML fee39ea1-2b03-47fb-9d4b-f0b533c8b9c4","timestamp":"2015-08-31T11:16:14.797Z"}
{"level":"info","message":"   DASHBOARD  : default DASHBOARD=>PLUGIN DOM:select fee39ea1-2b03-47fb-9d4b-f0b533c8b9c4","timestamp":"2015-08-31T11:16:15.732Z"}
{"level":"info","message":"   DASHBOARD  : default DASHBOARD=>PLUGIN DOM:unselect fee39ea1-2b03-47fb-9d4b-f0b533c8b9c4","timestamp":"2015-08-31T11:18:12.502Z"}
{"level":"info","message":"   DASHBOARD  : default DASHBOARD=>PLUGIN DOM:select fee39ea1-2b03-47fb-9d4b-f0b533c8b9c4","timestamp":"2015-08-31T11:18:12.522Z"}
{"level":"info","message":"   DASHBOARD  : default DASHBOARD=>PLUGIN DOM:unselect fee39ea1-2b03-47fb-9d4b-f0b533c8b9c4","timestamp":"2015-08-31T11:18:12.549Z"}
{"level":"info","message":"   DASHBOARD  : default DASHBOARD=>PLUGIN DOM:select fee39ea1-2b03-47fb-9d4b-f0b533c8b9c4","timestamp":"2015-08-31T11:18:12.587Z"}
{"level":"info","message":"   DASHBOARD  : default DASHBOARD=>PLUGIN DOM:unselect fee39ea1-2b03-47fb-9d4b-f0b533c8b9c4","timestamp":"2015-08-31T11:18:12.612Z"}
{"level":"info","message":"   DASHBOARD  : default DASHBOARD=>PLUGIN DOM:select fee39ea1-2b03-47fb-9d4b-f0b533c8b9c4","timestamp":"2015-08-31T11:18:12.633Z"}
{"level":"info","message":"   DASHBOARD  : default DASHBOARD=>PLUGIN DOM:unselect fee39ea1-2b03-47fb-9d4b-f0b533c8b9c4","timestamp":"2015-08-31T11:18:12.675Z"}
{"level":"info","message":"   DASHBOARD  : default DASHBOARD=>PLUGIN DOM:select fee39ea1-2b03-47fb-9d4b-f0b533c8b9c4","timestamp":"2015-08-31T11:18:12.774Z"}
{"level":"info","message":"   DASHBOARD  : default DASHBOARD=>PLUGIN DOM:unselect fee39ea1-2b03-47fb-9d4b-f0b533c8b9c4","timestamp":"2015-08-31T11:18:12.819Z"}
{"level":"info","message":"   DASHBOARD  : default DASHBOARD=>PLUGIN DOM:select fee39ea1-2b03-47fb-9d4b-f0b533c8b9c4","timestamp":"2015-08-31T11:18:12.842Z"}
{"level":"info","message":"   DASHBOARD  : default DASHBOARD=>PLUGIN DOM:unselect fee39ea1-2b03-47fb-9d4b-f0b533c8b9c4","timestamp":"2015-08-31T11:18:12.891Z"}
{"level":"info","message":"   DASHBOARD  : default DASHBOARD=>PLUGIN DOM:select fee39ea1-2b03-47fb-9d4b-f0b533c8b9c4","timestamp":"2015-08-31T11:18:14.061Z"}
{"level":"info","message":"   DASHBOARD  : default DASHBOARD=>PLUGIN DOM:unselect fee39ea1-2b03-47fb-9d4b-f0b533c8b9c4","timestamp":"2015-08-31T11:18:14.100Z"}
{"level":"info","message":"   DASHBOARD  : default DASHBOARD=>PLUGIN DOM:select fee39ea1-2b03-47fb-9d4b-f0b533c8b9c4","timestamp":"2015-08-31T11:18:14.204Z"}
{"level":"info","message":"   DASHBOARD  : default DASHBOARD=>PLUGIN DOM:unselect fee39ea1-2b03-47fb-9d4b-f0b533c8b9c4","timestamp":"2015-08-31T11:18:14.259Z"}
{"level":"info","message":"   DASHBOARD  : default DASHBOARD=>PLUGIN OBJEXPLORER fee39ea1-2b03-47fb-9d4b-f0b533c8b9c4","timestamp":"2015-08-31T11:19:52.350Z"}
{"level":"info","message":"   PLUGIN     : default PLUGIN=>DASHBOARD OBJEXPLORER fee39ea1-2b03-47fb-9d4b-f0b533c8b9c4","timestamp":"2015-08-31T11:19:52.361Z"}
{"level":"info","message":"   DASHBOARD  : default DASHBOARD=>PLUGIN OBJEXPLORER fee39ea1-2b03-47fb-9d4b-f0b533c8b9c4","timestamp":"2015-08-31T11:22:58.527Z"}
{"level":"info","message":"   PLUGIN     : default PLUGIN=>DASHBOARD OBJEXPLORER fee39ea1-2b03-47fb-9d4b-f0b533c8b9c4","timestamp":"2015-08-31T11:22:58.546Z"}
{"level":"info","message":"   DASHBOARD  : default DASHBOARD=>PLUGIN OBJEXPLORER fee39ea1-2b03-47fb-9d4b-f0b533c8b9c4","timestamp":"2015-08-31T11:23:06.005Z"}
{"level":"info","message":"   PLUGIN     : default PLUGIN=>DASHBOARD OBJEXPLORER fee39ea1-2b03-47fb-9d4b-f0b533c8b9c4","timestamp":"2015-08-31T11:23:06.010Z"}
{"level":"info","message":"   DASHBOARD  : default DASHBOARD=>PLUGIN XHRPANEL:start fee39ea1-2b03-47fb-9d4b-f0b533c8b9c4","timestamp":"2015-08-31T11:23:22.467Z"}
{"level":"info","message":"   PLUGIN     : default PLUGIN=>DASHBOARD XHRPANEL:state fee39ea1-2b03-47fb-9d4b-f0b533c8b9c4","timestamp":"2015-08-31T11:23:22.473Z"}
{"level":"info","message":"   DASHBOARD  : default DASHBOARD=>PLUGIN XHRPANEL:stop fee39ea1-2b03-47fb-9d4b-f0b533c8b9c4","timestamp":"2015-08-31T11:23:23.673Z"}
{"level":"info","message":"   PLUGIN     : default PLUGIN=>DASHBOARD XHRPANEL:state fee39ea1-2b03-47fb-9d4b-f0b533c8b9c4","timestamp":"2015-08-31T11:23:23.680Z"}
{"level":"info","message":"   DASHBOARD  : default DASHBOARD=>PLUGIN DOM:select fee39ea1-2b03-47fb-9d4b-f0b533c8b9c4","timestamp":"2015-08-31T11:23:36.318Z"}
{"level":"info","message":"   DASHBOARD  : default DASHBOARD=>PLUGIN DOM:unselect fee39ea1-2b03-47fb-9d4b-f0b533c8b9c4","timestamp":"2015-08-31T11:23:36.379Z"}
{"level":"info","message":"   DASHBOARD  : default DASHBOARD=>PLUGIN DOM:select fee39ea1-2b03-47fb-9d4b-f0b533c8b9c4","timestamp":"2015-08-31T11:23:37.294Z"}
{"level":"info","message":"   DASHBOARD  : default DASHBOARD=>PLUGIN DOM:unselect fee39ea1-2b03-47fb-9d4b-f0b533c8b9c4","timestamp":"2015-08-31T11:23:37.340Z"}
{"level":"info","message":"   DASHBOARD  : default DASHBOARD=>PLUGIN DOM:select fee39ea1-2b03-47fb-9d4b-f0b533c8b9c4","timestamp":"2015-08-31T11:24:02.264Z"}
{"level":"info","message":"   DASHBOARD  : default DASHBOARD=>PLUGIN DOM:unselect fee39ea1-2b03-47fb-9d4b-f0b533c8b9c4","timestamp":"2015-08-31T11:24:02.286Z"}
{"level":"info","message":"   DASHBOARD  : default DASHBOARD=>PLUGIN DOM:select fee39ea1-2b03-47fb-9d4b-f0b533c8b9c4","timestamp":"2015-08-31T11:24:02.324Z"}
{"level":"info","message":"   DASHBOARD  : default DASHBOARD=>PLUGIN DOM:unselect fee39ea1-2b03-47fb-9d4b-f0b533c8b9c4","timestamp":"2015-08-31T11:24:02.341Z"}
{"level":"info","message":"   DASHBOARD  : default DASHBOARD=>PLUGIN DOM:select fee39ea1-2b03-47fb-9d4b-f0b533c8b9c4","timestamp":"2015-08-31T11:24:02.343Z"}
{"level":"info","message":"   DASHBOARD  : default DASHBOARD=>PLUGIN DOM:unselect fee39ea1-2b03-47fb-9d4b-f0b533c8b9c4","timestamp":"2015-08-31T11:24:02.352Z"}
{"level":"info","message":"   DASHBOARD  : default DASHBOARD=>PLUGIN DOM:select fee39ea1-2b03-47fb-9d4b-f0b533c8b9c4","timestamp":"2015-08-31T11:24:05.389Z"}
{"level":"info","message":"   DASHBOARD  : default DASHBOARD=>PLUGIN DOM:unselect fee39ea1-2b03-47fb-9d4b-f0b533c8b9c4","timestamp":"2015-08-31T11:24:05.419Z"}
{"level":"info","message":"   DASHBOARD  : default DASHBOARD=>PLUGIN DOM:select fee39ea1-2b03-47fb-9d4b-f0b533c8b9c4","timestamp":"2015-08-31T11:24:05.427Z"}
{"level":"info","message":"   DASHBOARD  : default DASHBOARD=>PLUGIN DOM:unselect fee39ea1-2b03-47fb-9d4b-f0b533c8b9c4","timestamp":"2015-08-31T11:24:05.436Z"}
{"level":"info","message":"   DASHBOARD  : default DASHBOARD=>PLUGIN DOM:select fee39ea1-2b03-47fb-9d4b-f0b533c8b9c4","timestamp":"2015-08-31T11:24:05.438Z"}
{"level":"info","message":"   DASHBOARD  : default DASHBOARD=>PLUGIN DOM:unselect fee39ea1-2b03-47fb-9d4b-f0b533c8b9c4","timestamp":"2015-08-31T11:24:05.476Z"}
{"level":"info","message":"   DASHBOARD  : default DASHBOARD=>PLUGIN DOM:select fee39ea1-2b03-47fb-9d4b-f0b533c8b9c4","timestamp":"2015-08-31T11:24:06.270Z"}
{"level":"info","message":"   DASHBOARD  : default DASHBOARD=>PLUGIN DOM:unselect fee39ea1-2b03-47fb-9d4b-f0b533c8b9c4","timestamp":"2015-08-31T11:24:06.324Z"}
{"level":"info","message":"   DASHBOARD  : default DASHBOARD=>PLUGIN DOM:select fee39ea1-2b03-47fb-9d4b-f0b533c8b9c4","timestamp":"2015-08-31T11:24:06.542Z"}
{"level":"info","message":"   DASHBOARD  : default DASHBOARD=>PLUGIN DOM:unselect fee39ea1-2b03-47fb-9d4b-f0b533c8b9c4","timestamp":"2015-08-31T11:24:06.580Z"}
{"level":"info","message":"   DASHBOARD  : default DASHBOARD=>PLUGIN DOM:select fee39ea1-2b03-47fb-9d4b-f0b533c8b9c4","timestamp":"2015-08-31T11:24:07.253Z"}
{"level":"info","message":"   DASHBOARD  : default DASHBOARD=>PLUGIN DOM:unselect fee39ea1-2b03-47fb-9d4b-f0b533c8b9c4","timestamp":"2015-08-31T11:24:07.349Z"}
{"level":"info","message":"   DASHBOARD  : default DASHBOARD=>PLUGIN DOM:select fee39ea1-2b03-47fb-9d4b-f0b533c8b9c4","timestamp":"2015-08-31T11:24:08.222Z"}
{"level":"info","message":"   DASHBOARD  : default DASHBOARD=>PLUGIN DOM:unselect fee39ea1-2b03-47fb-9d4b-f0b533c8b9c4","timestamp":"2015-08-31T11:24:08.317Z"}
{"level":"info","message":"   DASHBOARD  : default DASHBOARD=>PLUGIN DOM:select fee39ea1-2b03-47fb-9d4b-f0b533c8b9c4","timestamp":"2015-08-31T11:24:08.638Z"}
{"level":"info","message":"   DASHBOARD  : default DASHBOARD=>PLUGIN DOM:unselect fee39ea1-2b03-47fb-9d4b-f0b533c8b9c4","timestamp":"2015-08-31T11:24:08.806Z"}
{"level":"info","message":"   DASHBOARD  : default DASHBOARD=>PLUGIN DOM:select fee39ea1-2b03-47fb-9d4b-f0b533c8b9c4","timestamp":"2015-08-31T11:24:09.167Z"}
{"level":"info","message":"   DASHBOARD  : default DASHBOARD=>PLUGIN DOM:unselect fee39ea1-2b03-47fb-9d4b-f0b533c8b9c4","timestamp":"2015-08-31T11:24:12.799Z"}
{"level":"info","message":"   DASHBOARD  : default DASHBOARD=>PLUGIN DOM:select fee39ea1-2b03-47fb-9d4b-f0b533c8b9c4","timestamp":"2015-08-31T11:24:20.215Z"}
{"level":"info","message":"   DASHBOARD  : default DASHBOARD=>PLUGIN DOM:unselect fee39ea1-2b03-47fb-9d4b-f0b533c8b9c4","timestamp":"2015-08-31T11:24:20.238Z"}
{"level":"info","message":"   DASHBOARD  : default DASHBOARD=>PLUGIN DOM:select fee39ea1-2b03-47fb-9d4b-f0b533c8b9c4","timestamp":"2015-08-31T11:24:20.396Z"}
{"level":"info","message":"   DASHBOARD  : default DASHBOARD=>PLUGIN DOM:unselect fee39ea1-2b03-47fb-9d4b-f0b533c8b9c4","timestamp":"2015-08-31T11:24:21.027Z"}
{"level":"info","message":"   DASHBOARD  : default DASHBOARD=>PLUGIN DOM:select fee39ea1-2b03-47fb-9d4b-f0b533c8b9c4","timestamp":"2015-08-31T11:24:21.037Z"}
{"level":"info","message":"   DASHBOARD  : default DASHBOARD=>PLUGIN DOM:unselect fee39ea1-2b03-47fb-9d4b-f0b533c8b9c4","timestamp":"2015-08-31T11:24:23.618Z"}
{"level":"info","message":"   DASHBOARD  : default DASHBOARD=>PLUGIN DOM:select fee39ea1-2b03-47fb-9d4b-f0b533c8b9c4","timestamp":"2015-08-31T11:24:24.806Z"}
{"level":"info","message":"   DASHBOARD  : default DASHBOARD=>PLUGIN DOM:unselect fee39ea1-2b03-47fb-9d4b-f0b533c8b9c4","timestamp":"2015-08-31T11:24:26.223Z"}
{"level":"info","message":"   DASHBOARD  : default DASHBOARD=>PLUGIN DOM:attribute fee39ea1-2b03-47fb-9d4b-f0b533c8b9c4","timestamp":"2015-08-31T11:24:27.013Z"}
{"level":"info","message":"   PLUGIN     : default PLUGIN=>DASHBOARD ALL_PLUGINS fee39ea1-2b03-47fb-9d4b-f0b533c8b9c4","timestamp":"2015-08-31T11:24:27.322Z"}
{"level":"info","message":"   DASHBOARD  : default DASHBOARD=>PLUGIN DOM:select fee39ea1-2b03-47fb-9d4b-f0b533c8b9c4","timestamp":"2015-08-31T11:24:40.390Z"}
{"level":"info","message":"   DASHBOARD  : default DASHBOARD=>PLUGIN DOM:unselect fee39ea1-2b03-47fb-9d4b-f0b533c8b9c4","timestamp":"2015-08-31T11:24:40.408Z"}
{"level":"info","message":"   DASHBOARD  : default DASHBOARD=>PLUGIN DOM:select fee39ea1-2b03-47fb-9d4b-f0b533c8b9c4","timestamp":"2015-08-31T11:26:36.839Z"}
{"level":"info","message":"   DASHBOARD  : default DASHBOARD=>PLUGIN DOM:unselect fee39ea1-2b03-47fb-9d4b-f0b533c8b9c4","timestamp":"2015-08-31T11:26:36.855Z"}
{"level":"info","message":"   DASHBOARD  : default DASHBOARD=>PLUGIN DOM:select fee39ea1-2b03-47fb-9d4b-f0b533c8b9c4","timestamp":"2015-08-31T11:26:36.877Z"}
{"level":"info","message":"   DASHBOARD  : default DASHBOARD=>PLUGIN DOM:unselect fee39ea1-2b03-47fb-9d4b-f0b533c8b9c4","timestamp":"2015-08-31T11:26:36.894Z"}
{"level":"info","message":"   DASHBOARD  : default DASHBOARD=>PLUGIN DOM:select fee39ea1-2b03-47fb-9d4b-f0b533c8b9c4","timestamp":"2015-08-31T11:26:36.925Z"}
{"level":"info","message":"   DASHBOARD  : default DASHBOARD=>PLUGIN DOM:unselect fee39ea1-2b03-47fb-9d4b-f0b533c8b9c4","timestamp":"2015-08-31T11:26:36.956Z"}
{"level":"info","message":"   DASHBOARD  : default DASHBOARD=>PLUGIN DOM:select fee39ea1-2b03-47fb-9d4b-f0b533c8b9c4","timestamp":"2015-08-31T11:26:37.856Z"}
{"level":"info","message":"   DASHBOARD  : default DASHBOARD=>PLUGIN DOM:unselect fee39ea1-2b03-47fb-9d4b-f0b533c8b9c4","timestamp":"2015-08-31T11:26:37.879Z"}
{"level":"info","message":"   DASHBOARD  : default DASHBOARD=>PLUGIN DOM:select fee39ea1-2b03-47fb-9d4b-f0b533c8b9c4","timestamp":"2015-08-31T11:26:53.552Z"}
{"level":"info","message":"   DASHBOARD  : default DASHBOARD=>PLUGIN DOM:unselect fee39ea1-2b03-47fb-9d4b-f0b533c8b9c4","timestamp":"2015-08-31T11:26:54.119Z"}
{"level":"info","message":"   DASHBOARD  : default DASHBOARD=>PLUGIN DOM:select fee39ea1-2b03-47fb-9d4b-f0b533c8b9c4","timestamp":"2015-08-31T11:26:55.126Z"}
{"level":"info","message":"   DASHBOARD  : default DASHBOARD=>PLUGIN DOM:unselect fee39ea1-2b03-47fb-9d4b-f0b533c8b9c4","timestamp":"2015-08-31T11:26:55.535Z"}
{"level":"info","message":"   DASHBOARD  : default DASHBOARD=>PLUGIN DOM:select fee39ea1-2b03-47fb-9d4b-f0b533c8b9c4","timestamp":"2015-08-31T11:26:56.679Z"}
{"level":"info","message":"   DASHBOARD  : default DASHBOARD=>PLUGIN DOM:unselect fee39ea1-2b03-47fb-9d4b-f0b533c8b9c4","timestamp":"2015-08-31T11:26:56.706Z"}
{"level":"info","message":"   DASHBOARD  : default DASHBOARD=>PLUGIN DOM:select fee39ea1-2b03-47fb-9d4b-f0b533c8b9c4","timestamp":"2015-08-31T11:26:57.125Z"}
{"level":"info","message":"   DASHBOARD  : default DASHBOARD=>PLUGIN DOM:unselect fee39ea1-2b03-47fb-9d4b-f0b533c8b9c4","timestamp":"2015-08-31T11:26:57.303Z"}
{"level":"info","message":"   DASHBOARD  : default DASHBOARD=>PLUGIN DOM:select fee39ea1-2b03-47fb-9d4b-f0b533c8b9c4","timestamp":"2015-08-31T11:26:58.023Z"}
{"level":"info","message":"   DASHBOARD  : default DASHBOARD=>PLUGIN DOM:unselect fee39ea1-2b03-47fb-9d4b-f0b533c8b9c4","timestamp":"2015-08-31T11:26:58.987Z"}
{"level":"info","message":"   DASHBOARD  : default DASHBOARD=>PLUGIN DOM:select fee39ea1-2b03-47fb-9d4b-f0b533c8b9c4","timestamp":"2015-08-31T11:26:58.994Z"}
{"level":"info","message":"   DASHBOARD  : default DASHBOARD=>PLUGIN DOM:unselect fee39ea1-2b03-47fb-9d4b-f0b533c8b9c4","timestamp":"2015-08-31T11:26:59.873Z"}
{"level":"info","message":"   DASHBOARD  : default DASHBOARD=>PLUGIN DOM:select fee39ea1-2b03-47fb-9d4b-f0b533c8b9c4","timestamp":"2015-08-31T11:26:59.887Z"}
{"level":"info","message":"   DASHBOARD  : default DASHBOARD=>PLUGIN DOM:unselect fee39ea1-2b03-47fb-9d4b-f0b533c8b9c4","timestamp":"2015-08-31T11:27:00.030Z"}
{"level":"info","message":"   DASHBOARD  : default DASHBOARD=>PLUGIN DOM:attribute fee39ea1-2b03-47fb-9d4b-f0b533c8b9c4","timestamp":"2015-08-31T11:27:00.217Z"}
{"level":"info","message":"   PLUGIN     : default PLUGIN=>DASHBOARD ALL_PLUGINS fee39ea1-2b03-47fb-9d4b-f0b533c8b9c4","timestamp":"2015-08-31T11:27:00.535Z"}
{"level":"info","message":"   DASHBOARD  : default DASHBOARD=>PLUGIN DOM:select fee39ea1-2b03-47fb-9d4b-f0b533c8b9c4","timestamp":"2015-08-31T11:27:01.021Z"}
{"level":"info","message":"   DASHBOARD  : default DASHBOARD=>PLUGIN DOM:unselect fee39ea1-2b03-47fb-9d4b-f0b533c8b9c4","timestamp":"2015-08-31T11:27:01.791Z"}
{"level":"info","message":"   DASHBOARD  : default DASHBOARD=>PLUGIN DOM:select fee39ea1-2b03-47fb-9d4b-f0b533c8b9c4","timestamp":"2015-08-31T11:27:04.392Z"}
{"level":"info","message":"   DASHBOARD  : default DASHBOARD=>PLUGIN DOM:unselect fee39ea1-2b03-47fb-9d4b-f0b533c8b9c4","timestamp":"2015-08-31T11:27:04.423Z"}
{"level":"info","message":"   DASHBOARD  : default DASHBOARD=>PLUGIN DOM:select fee39ea1-2b03-47fb-9d4b-f0b533c8b9c4","timestamp":"2015-08-31T11:27:04.646Z"}
{"level":"info","message":"   DASHBOARD  : default DASHBOARD=>PLUGIN DOM:unselect fee39ea1-2b03-47fb-9d4b-f0b533c8b9c4","timestamp":"2015-08-31T11:27:05.975Z"}
{"level":"info","message":"   DASHBOARD  : default DASHBOARD=>PLUGIN DOM:select fee39ea1-2b03-47fb-9d4b-f0b533c8b9c4","timestamp":"2015-08-31T11:27:06.005Z"}
{"level":"info","message":"   DASHBOARD  : default DASHBOARD=>PLUGIN DOM:unselect fee39ea1-2b03-47fb-9d4b-f0b533c8b9c4","timestamp":"2015-08-31T11:27:06.018Z"}
{"level":"info","message":"   DASHBOARD  : default DASHBOARD=>PLUGIN DOM:select fee39ea1-2b03-47fb-9d4b-f0b533c8b9c4","timestamp":"2015-08-31T11:27:06.060Z"}
{"level":"info","message":"   DASHBOARD  : default DASHBOARD=>PLUGIN DOM:unselect fee39ea1-2b03-47fb-9d4b-f0b533c8b9c4","timestamp":"2015-08-31T11:27:06.084Z"}
